0 verbose cli /usr/local/bin/node /usr/local/bin/npm
1 info using npm@10.8.2
2 info using node@v20.18.2
3 silly config load:file:/usr/local/lib/node_modules/npm/npmrc
4 silly config load:file:/data/.npmrc
5 silly config load:file:/usr/src/node-red/.npmrc
6 silly config load:file:/usr/local/etc/npmrc
7 verbose title npm install node-red-contrib-mqtt-auto@1.0.3
8 verbose argv "install" "--no-audit" "--no-update-notifier" "--no-fund" "--save" "--save-prefix" "~" "--omit" "dev" "--engine-strict" "node-red-contrib-mqtt-auto@1.0.3"
9 verbose logfile logs-max:10 dir:/data/.npm/_logs/2025-02-07T17_04_15_453Z-
10 verbose logfile /data/.npm/_logs/2025-02-07T17_04_15_453Z-debug-0.log
11 silly packumentCache heap:2197815296 maxSize:549453824 maxEntrySize:274726912
12 silly logfile done cleaning log files
13 silly idealTree buildDeps
14 silly fetch manifest node-red-contrib-mqtt-auto@1.0.3
15 silly packumentCache full:https://registry.npmjs.org/node-red-contrib-mqtt-auto cache-miss
16 http fetch GET 200 https://registry.npmjs.org/node-red-contrib-mqtt-auto 999ms (cache miss)
17 silly packumentCache full:https://registry.npmjs.org/node-red-contrib-mqtt-auto set size:undefined disposed:false
18 silly placeDep ROOT node-red-contrib-mqtt-auto@1.0.3 OK for: node-red-project@0.0.1 want: 1.0.3
19 silly fetch manifest mqtt@^4.2.8
20 silly packumentCache full:https://registry.npmjs.org/mqtt cache-miss
21 http fetch GET 200 https://registry.npmjs.org/mqtt 167ms (cache miss)
22 silly packumentCache full:https://registry.npmjs.org/mqtt set size:undefined disposed:false
23 silly placeDep ROOT mqtt@4.3.8 OK for: node-red-contrib-mqtt-auto@1.0.3 want: ^4.2.8
24 silly fetch manifest ws@^7.5.5
25 silly packumentCache full:https://registry.npmjs.org/ws cache-miss
26 silly fetch manifest pump@^3.0.0
27 silly packumentCache full:https://registry.npmjs.org/pump cache-miss
28 silly fetch manifest rfdc@^1.3.0
29 silly packumentCache full:https://registry.npmjs.org/rfdc cache-miss
30 silly fetch manifest debug@^4.1.1
31 silly packumentCache full:https://registry.npmjs.org/debug cache-miss
32 silly fetch manifest xtend@^4.0.2
33 silly packumentCache full:https://registry.npmjs.org/xtend cache-miss
34 silly fetch manifest split2@^3.1.0
35 silly packumentCache full:https://registry.npmjs.org/split2 cache-miss
36 silly fetch manifest commist@^1.0.0
37 silly packumentCache full:https://registry.npmjs.org/commist cache-miss
38 silly fetch manifest help-me@^3.0.0
39 silly packumentCache full:https://registry.npmjs.org/help-me cache-miss
40 silly fetch manifest minimist@^1.2.5
41 silly packumentCache full:https://registry.npmjs.org/minimist cache-miss
42 http fetch GET 200 https://registry.npmjs.org/debug 24ms (cache hit)
43 silly packumentCache full:https://registry.npmjs.org/debug set size:191331 disposed:false
44 silly fetch manifest duplexify@^4.1.1
45 silly packumentCache full:https://registry.npmjs.org/duplexify cache-miss
46 http fetch GET 200 https://registry.npmjs.org/ws 29ms (cache hit)
47 silly packumentCache full:https://registry.npmjs.org/ws set size:403597 disposed:false
48 silly fetch manifest lru-cache@^6.0.0
49 silly packumentCache full:https://registry.npmjs.org/lru-cache cache-miss
50 http fetch GET 200 https://registry.npmjs.org/pump 110ms (cache miss)
51 silly packumentCache full:https://registry.npmjs.org/pump set size:undefined disposed:false
52 silly fetch manifest reinterval@^1.1.0
53 silly packumentCache full:https://registry.npmjs.org/reinterval cache-miss
54 http fetch GET 200 https://registry.npmjs.org/xtend 343ms (cache miss)
55 silly packumentCache full:https://registry.npmjs.org/xtend set size:undefined disposed:false
56 silly fetch manifest mqtt-packet@^6.8.0
57 silly packumentCache full:https://registry.npmjs.org/mqtt-packet cache-miss
58 http fetch GET 200 https://registry.npmjs.org/rfdc 349ms (cache miss)
59 silly packumentCache full:https://registry.npmjs.org/rfdc set size:undefined disposed:false
60 silly fetch manifest concat-stream@^2.0.0
61 silly packumentCache full:https://registry.npmjs.org/concat-stream cache-miss
62 http fetch GET 200 https://registry.npmjs.org/split2 350ms (cache miss)
63 silly packumentCache full:https://registry.npmjs.org/split2 set size:undefined disposed:false
64 silly fetch manifest readable-stream@^3.6.0
65 silly packumentCache full:https://registry.npmjs.org/readable-stream cache-miss
66 http fetch GET 200 https://registry.npmjs.org/lru-cache 325ms (cache miss)
67 silly packumentCache full:https://registry.npmjs.org/lru-cache set size:undefined disposed:false
68 silly fetch manifest number-allocator@^1.0.9
69 silly packumentCache full:https://registry.npmjs.org/number-allocator cache-miss
70 http fetch GET 200 https://registry.npmjs.org/duplexify 335ms (cache miss)
71 silly packumentCache full:https://registry.npmjs.org/duplexify set size:undefined disposed:false
72 http fetch GET 200 https://registry.npmjs.org/minimist 362ms (cache miss)
73 silly packumentCache full:https://registry.npmjs.org/minimist set size:undefined disposed:false
74 http fetch GET 200 https://registry.npmjs.org/concat-stream 209ms (cache miss)
75 silly packumentCache full:https://registry.npmjs.org/concat-stream set size:undefined disposed:false
76 http fetch GET 200 https://registry.npmjs.org/number-allocator 225ms (cache miss)
77 silly packumentCache full:https://registry.npmjs.org/number-allocator set size:undefined disposed:false
78 http fetch GET 200 https://registry.npmjs.org/readable-stream 237ms (cache miss)
79 silly packumentCache full:https://registry.npmjs.org/readable-stream set size:undefined disposed:false
80 http fetch GET 200 https://registry.npmjs.org/help-me 868ms (cache miss)
81 silly packumentCache full:https://registry.npmjs.org/help-me set size:undefined disposed:false
82 http fetch GET 200 https://registry.npmjs.org/reinterval 763ms (cache miss)
83 silly packumentCache full:https://registry.npmjs.org/reinterval set size:undefined disposed:false
84 http fetch GET 200 https://registry.npmjs.org/commist 923ms (cache miss)
85 silly packumentCache full:https://registry.npmjs.org/commist set size:undefined disposed:false
86 http fetch GET 200 https://registry.npmjs.org/mqtt-packet 877ms (cache miss)
87 silly packumentCache full:https://registry.npmjs.org/mqtt-packet set size:undefined disposed:false
88 silly fetch manifest bufferutil@^4.0.1
89 silly packumentCache full:https://registry.npmjs.org/bufferutil cache-miss
90 http fetch GET 200 https://registry.npmjs.org/bufferutil 7ms (cache hit)
91 silly packumentCache full:https://registry.npmjs.org/bufferutil set size:51033 disposed:false
92 silly fetch manifest utf-8-validate@^5.0.2
93 silly packumentCache full:https://registry.npmjs.org/utf-8-validate cache-miss
94 http fetch GET 200 https://registry.npmjs.org/utf-8-validate 6ms (cache hit)
95 silly packumentCache full:https://registry.npmjs.org/utf-8-validate set size:75205 disposed:false
96 silly placeDep ROOT commist@1.1.0 OK for: mqtt@4.3.8 want: ^1.0.0
97 silly placeDep ROOT concat-stream@2.0.0 OK for: mqtt@4.3.8 want: ^2.0.0
98 silly placeDep node_modules/mqtt debug@4.4.0 OK for: mqtt@4.3.8 want: ^4.1.1
99 silly placeDep ROOT duplexify@4.1.3 OK for: mqtt@4.3.8 want: ^4.1.1
100 silly placeDep ROOT help-me@3.0.0 OK for: mqtt@4.3.8 want: ^3.0.0
101 silly placeDep ROOT lru-cache@6.0.0 OK for: mqtt@4.3.8 want: ^6.0.0
102 silly placeDep ROOT minimist@1.2.8 OK for: mqtt@4.3.8 want: ^1.2.5
103 silly placeDep ROOT mqtt-packet@6.10.0 OK for: mqtt@4.3.8 want: ^6.8.0
104 silly placeDep ROOT number-allocator@1.0.14 OK for: mqtt@4.3.8 want: ^1.0.9
105 silly placeDep ROOT pump@3.0.2 OK for: mqtt@4.3.8 want: ^3.0.0
106 silly placeDep ROOT readable-stream@3.6.2 OK for: mqtt@4.3.8 want: ^3.6.0
107 silly placeDep ROOT reinterval@1.1.0 OK for: mqtt@4.3.8 want: ^1.1.0
108 silly placeDep ROOT rfdc@1.4.1 OK for: mqtt@4.3.8 want: ^1.3.0
109 silly placeDep ROOT split2@3.2.2 OK for: mqtt@4.3.8 want: ^3.1.0
110 silly placeDep node_modules/mqtt ws@7.5.10 OK for: mqtt@4.3.8 want: ^7.5.5
111 silly placeDep ROOT xtend@4.0.2 OK for: mqtt@4.3.8 want: ^4.0.2
112 silly fetch manifest leven@^2.1.0
113 silly packumentCache full:https://registry.npmjs.org/leven cache-miss
114 silly fetch manifest minimist@^1.1.0
115 silly packumentCache full:https://registry.npmjs.org/minimist cache-miss
116 silly fetch manifest buffer-from@^1.0.0
117 silly packumentCache full:https://registry.npmjs.org/buffer-from cache-miss
118 silly fetch manifest readable-stream@^3.0.2
119 silly packumentCache full:https://registry.npmjs.org/readable-stream cache-miss
120 silly fetch manifest typedarray@^0.0.6
121 silly packumentCache full:https://registry.npmjs.org/typedarray cache-miss
122 silly fetch manifest ms@^2.1.3
123 silly packumentCache full:https://registry.npmjs.org/ms cache-miss
124 silly fetch manifest end-of-stream@^1.4.1
125 silly packumentCache full:https://registry.npmjs.org/end-of-stream cache-miss
126 silly fetch manifest readable-stream@^3.1.1
127 silly packumentCache full:https://registry.npmjs.org/readable-stream cache-miss
128 silly fetch manifest stream-shift@^1.0.2
129 silly packumentCache full:https://registry.npmjs.org/stream-shift cache-miss
130 http fetch GET 200 https://registry.npmjs.org/readable-stream 15ms (cache hit)
131 silly packumentCache full:https://registry.npmjs.org/readable-stream set size:261096 disposed:false
132 silly fetch manifest glob@^7.1.6
133 silly packumentCache full:https://registry.npmjs.org/glob cache-miss
134 http fetch GET 200 https://registry.npmjs.org/minimist 21ms (cache hit)
135 silly packumentCache full:https://registry.npmjs.org/minimist set size:77097 disposed:false
136 silly fetch manifest yallist@^4.0.0
137 silly packumentCache full:https://registry.npmjs.org/yallist cache-miss
138 http fetch GET 200 https://registry.npmjs.org/readable-stream 22ms (cache hit)
139 silly packumentCache full:https://registry.npmjs.org/readable-stream set size:261096 disposed:false
140 silly packumentCache full:https://registry.npmjs.org/readable-stream dispose
141 silly fetch manifest bl@^4.0.2
142 silly packumentCache full:https://registry.npmjs.org/bl cache-miss
143 http fetch GET 200 https://registry.npmjs.org/ms 28ms (cache hit)
144 silly packumentCache full:https://registry.npmjs.org/ms set size:84883 disposed:false
145 silly fetch manifest process-nextick-args@^2.0.1
146 silly packumentCache full:https://registry.npmjs.org/process-nextick-args cache-miss
147 http fetch GET 200 https://registry.npmjs.org/leven 96ms (cache miss)
148 silly packumentCache full:https://registry.npmjs.org/leven set size:undefined disposed:false
149 silly fetch manifest debug@^4.3.1
150 silly packumentCache full:https://registry.npmjs.org/debug cache-hit
151 silly fetch manifest js-sdsl@4.3.0
152 silly packumentCache full:https://registry.npmjs.org/js-sdsl cache-miss
153 http fetch GET 200 https://registry.npmjs.org/buffer-from 102ms (cache miss)
154 silly packumentCache full:https://registry.npmjs.org/buffer-from set size:undefined disposed:false
155 silly fetch manifest once@^1.3.1
156 silly packumentCache full:https://registry.npmjs.org/once cache-miss
157 http fetch GET 200 https://registry.npmjs.org/stream-shift 101ms (cache miss)
158 silly packumentCache full:https://registry.npmjs.org/stream-shift set size:undefined disposed:false
159 silly fetch manifest end-of-stream@^1.1.0
160 silly packumentCache full:https://registry.npmjs.org/end-of-stream cache-miss
161 http fetch GET 200 https://registry.npmjs.org/end-of-stream 103ms (cache miss)
162 silly packumentCache full:https://registry.npmjs.org/end-of-stream set size:undefined disposed:false
163 silly fetch manifest string_decoder@^1.1.1
164 silly packumentCache full:https://registry.npmjs.org/string_decoder cache-miss
165 http fetch GET 200 https://registry.npmjs.org/end-of-stream 7ms (cache hit)
166 silly packumentCache full:https://registry.npmjs.org/end-of-stream set size:26267 disposed:false
167 silly fetch manifest util-deprecate@^1.0.1
168 silly packumentCache full:https://registry.npmjs.org/util-deprecate cache-miss
169 http fetch GET 200 https://registry.npmjs.org/yallist 214ms (cache miss)
170 silly packumentCache full:https://registry.npmjs.org/yallist set size:undefined disposed:false
171 http fetch GET 200 https://registry.npmjs.org/glob 235ms (cache miss)
172 silly packumentCache full:https://registry.npmjs.org/glob set size:undefined disposed:false
173 http fetch GET 200 https://registry.npmjs.org/util-deprecate 149ms (cache miss)
174 silly packumentCache full:https://registry.npmjs.org/util-deprecate set size:undefined disposed:false
175 http fetch GET 200 https://registry.npmjs.org/typedarray 264ms (cache miss)
176 silly packumentCache full:https://registry.npmjs.org/typedarray set size:undefined disposed:false
177 http fetch GET 200 https://registry.npmjs.org/process-nextick-args 235ms (cache miss)
178 silly packumentCache full:https://registry.npmjs.org/process-nextick-args set size:undefined disposed:false
179 http fetch GET 200 https://registry.npmjs.org/once 165ms (cache miss)
180 silly packumentCache full:https://registry.npmjs.org/once set size:undefined disposed:false
181 http fetch GET 200 https://registry.npmjs.org/string_decoder 163ms (cache miss)
182 silly packumentCache full:https://registry.npmjs.org/string_decoder set size:undefined disposed:false
183 http fetch GET 200 https://registry.npmjs.org/bl 247ms (cache miss)
184 silly packumentCache full:https://registry.npmjs.org/bl set size:undefined disposed:false
185 http fetch GET 200 https://registry.npmjs.org/js-sdsl 179ms (cache miss)
186 silly packumentCache full:https://registry.npmjs.org/js-sdsl set size:undefined disposed:false
187 silly placeDep ROOT leven@2.1.0 OK for: commist@1.1.0 want: ^2.1.0
188 silly placeDep ROOT buffer-from@1.1.2 OK for: concat-stream@2.0.0 want: ^1.0.0
189 silly placeDep ROOT typedarray@0.0.6 OK for: concat-stream@2.0.0 want: ^0.0.6
190 silly placeDep ROOT end-of-stream@1.4.4 OK for: duplexify@4.1.3 want: ^1.4.1
191 silly placeDep ROOT stream-shift@1.0.3 OK for: duplexify@4.1.3 want: ^1.0.2
192 silly fetch manifest once@^1.4.0
193 silly packumentCache full:https://registry.npmjs.org/once cache-miss
194 http fetch GET 200 https://registry.npmjs.org/once 5ms (cache hit)
195 silly packumentCache full:https://registry.npmjs.org/once set size:11768 disposed:false
196 silly placeDep ROOT once@1.4.0 OK for: end-of-stream@1.4.4 want: ^1.4.0
197 silly fetch manifest wrappy@1
198 silly packumentCache full:https://registry.npmjs.org/wrappy cache-miss
199 http fetch GET 200 https://registry.npmjs.org/wrappy 82ms (cache miss)
200 silly packumentCache full:https://registry.npmjs.org/wrappy set size:undefined disposed:false
201 silly placeDep ROOT glob@7.2.3 OK for: help-me@3.0.0 want: ^7.1.6
202 silly fetch manifest inflight@^1.0.4
203 silly packumentCache full:https://registry.npmjs.org/inflight cache-miss
204 silly fetch manifest minimatch@^3.1.1
205 silly packumentCache full:https://registry.npmjs.org/minimatch cache-miss
206 silly fetch manifest fs.realpath@^1.0.0
207 silly packumentCache full:https://registry.npmjs.org/fs.realpath cache-miss
208 silly fetch manifest path-is-absolute@^1.0.0
209 silly packumentCache full:https://registry.npmjs.org/path-is-absolute cache-miss
210 http fetch GET 200 https://registry.npmjs.org/path-is-absolute 82ms (cache miss)
211 silly packumentCache full:https://registry.npmjs.org/path-is-absolute set size:undefined disposed:false
212 http fetch GET 200 https://registry.npmjs.org/fs.realpath 84ms (cache miss)
213 silly packumentCache full:https://registry.npmjs.org/fs.realpath set size:undefined disposed:false
214 http fetch GET 200 https://registry.npmjs.org/inflight 100ms (cache miss)
215 silly packumentCache full:https://registry.npmjs.org/inflight set size:undefined disposed:false
216 http fetch GET 200 https://registry.npmjs.org/minimatch 218ms (cache miss)
217 silly packumentCache full:https://registry.npmjs.org/minimatch set size:undefined disposed:false
218 silly placeDep ROOT fs.realpath@1.0.0 OK for: glob@7.2.3 want: ^1.0.0
219 silly placeDep ROOT inflight@1.0.6 OK for: glob@7.2.3 want: ^1.0.4
220 silly placeDep ROOT minimatch@3.1.2 OK for: glob@7.2.3 want: ^3.1.1
221 silly placeDep ROOT path-is-absolute@1.0.1 OK for: glob@7.2.3 want: ^1.0.0
222 silly fetch manifest brace-expansion@^1.1.7
223 silly packumentCache full:https://registry.npmjs.org/brace-expansion cache-miss
224 http fetch GET 200 https://registry.npmjs.org/brace-expansion 98ms (cache miss)
225 silly packumentCache full:https://registry.npmjs.org/brace-expansion set size:undefined disposed:false
226 silly placeDep ROOT wrappy@1.0.2 OK for: inflight@1.0.6 want: 1
227 silly placeDep ROOT yallist@4.0.0 OK for: lru-cache@6.0.0 want: ^4.0.0
228 silly placeDep ROOT brace-expansion@1.1.11 OK for: minimatch@3.1.2 want: ^1.1.7
229 silly fetch manifest balanced-match@^1.0.0
230 silly packumentCache full:https://registry.npmjs.org/balanced-match cache-miss
231 silly fetch manifest concat-map@0.0.1
232 silly packumentCache full:https://registry.npmjs.org/concat-map cache-miss
233 http fetch GET 200 https://registry.npmjs.org/balanced-match 153ms (cache miss)
234 silly packumentCache full:https://registry.npmjs.org/balanced-match set size:undefined disposed:false
235 http fetch GET 200 https://registry.npmjs.org/concat-map 158ms (cache miss)
236 silly packumentCache full:https://registry.npmjs.org/concat-map set size:undefined disposed:false
237 silly placeDep ROOT balanced-match@1.0.2 OK for: brace-expansion@1.1.11 want: ^1.0.0
238 silly placeDep ROOT concat-map@0.0.1 OK for: brace-expansion@1.1.11 want: 0.0.1
239 silly placeDep ROOT bl@4.1.0 OK for: mqtt-packet@6.10.0 want: ^4.0.2
240 silly placeDep node_modules/mqtt-packet debug@4.4.0 OK for: mqtt-packet@6.10.0 want: ^4.1.1
241 silly placeDep ROOT process-nextick-args@2.0.1 OK for: mqtt-packet@6.10.0 want: ^2.0.1
242 silly fetch manifest buffer@^5.5.0
243 silly packumentCache full:https://registry.npmjs.org/buffer cache-miss
244 http fetch GET 200 https://registry.npmjs.org/buffer 89ms (cache miss)
245 silly packumentCache full:https://registry.npmjs.org/buffer set size:undefined disposed:false
246 silly placeDep ROOT buffer@5.7.1 OK for: bl@4.1.0 want: ^5.5.0
247 silly fetch manifest base64-js@^1.3.1
248 silly packumentCache full:https://registry.npmjs.org/base64-js cache-miss
249 silly fetch manifest ieee754@^1.1.13
250 silly packumentCache full:https://registry.npmjs.org/ieee754 cache-miss
251 http fetch GET 200 https://registry.npmjs.org/base64-js 112ms (cache miss)
252 silly packumentCache full:https://registry.npmjs.org/base64-js set size:undefined disposed:false
253 http fetch GET 200 https://registry.npmjs.org/ieee754 113ms (cache miss)
254 silly packumentCache full:https://registry.npmjs.org/ieee754 set size:undefined disposed:false
255 silly placeDep ROOT base64-js@1.5.1 OK for: buffer@5.7.1 want: ^1.3.1
256 silly placeDep ROOT ieee754@1.2.1 OK for: buffer@5.7.1 want: ^1.1.13
257 silly placeDep node_modules/number-allocator debug@4.4.0 OK for: number-allocator@1.0.14 want: ^4.3.1
258 silly placeDep ROOT js-sdsl@4.3.0 OK for: number-allocator@1.0.14 want: 4.3.0
259 silly placeDep ROOT string_decoder@1.3.0 OK for: readable-stream@3.6.2 want: ^1.1.1
260 silly placeDep ROOT util-deprecate@1.0.2 OK for: readable-stream@3.6.2 want: ^1.0.1
261 silly placeDep node_modules/mqtt-packet ms@2.1.3 OK for: debug@4.4.0 want: ^2.1.3
262 silly placeDep node_modules/mqtt ms@2.1.3 OK for: debug@4.4.0 want: ^2.1.3
263 silly placeDep node_modules/number-allocator ms@2.1.3 OK for: debug@4.4.0 want: ^2.1.3
264 silly reify moves {}
265 silly tarball no local data for util-deprecate@https://registry.npmjs.org/util-deprecate/-/util-deprecate-1.0.2.tgz. Extracting by manifest.
266 silly tarball no local data for js-sdsl@https://registry.npmjs.org/js-sdsl/-/js-sdsl-4.3.0.tgz. Extracting by manifest.
267 silly tarball no local data for bl@https://registry.npmjs.org/bl/-/bl-4.1.0.tgz. Extracting by manifest.
268 silly tarball no local data for base64-js@https://registry.npmjs.org/base64-js/-/base64-js-1.5.1.tgz. Extracting by manifest.
269 silly tarball no local data for process-nextick-args@https://registry.npmjs.org/process-nextick-args/-/process-nextick-args-2.0.1.tgz. Extracting by manifest.
270 silly tarball no local data for concat-map@https://registry.npmjs.org/concat-map/-/concat-map-0.0.1.tgz. Extracting by manifest.
271 silly tarball no local data for balanced-match@https://registry.npmjs.org/balanced-match/-/balanced-match-1.0.2.tgz. Extracting by manifest.
272 silly tarball no local data for yallist@https://registry.npmjs.org/yallist/-/yallist-4.0.0.tgz. Extracting by manifest.
273 silly tarball no local data for path-is-absolute@https://registry.npmjs.org/path-is-absolute/-/path-is-absolute-1.0.1.tgz. Extracting by manifest.
274 silly tarball no local data for brace-expansion@https://registry.npmjs.org/brace-expansion/-/brace-expansion-1.1.11.tgz. Extracting by manifest.
275 silly tarball no local data for wrappy@https://registry.npmjs.org/wrappy/-/wrappy-1.0.2.tgz. Extracting by manifest.
276 silly tarball no local data for minimatch@https://registry.npmjs.org/minimatch/-/minimatch-3.1.2.tgz. Extracting by manifest.
277 silly tarball no local data for inflight@https://registry.npmjs.org/inflight/-/inflight-1.0.6.tgz. Extracting by manifest.
278 silly tarball no local data for fs.realpath@https://registry.npmjs.org/fs.realpath/-/fs.realpath-1.0.0.tgz. Extracting by manifest.
279 silly tarball no local data for glob@https://registry.npmjs.org/glob/-/glob-7.2.3.tgz. Extracting by manifest.
280 silly tarball no local data for once@https://registry.npmjs.org/once/-/once-1.4.0.tgz. Extracting by manifest.
281 silly tarball no local data for buffer-from@https://registry.npmjs.org/buffer-from/-/buffer-from-1.1.2.tgz. Extracting by manifest.
282 silly tarball no local data for stream-shift@https://registry.npmjs.org/stream-shift/-/stream-shift-1.0.3.tgz. Extracting by manifest.
283 silly tarball no local data for end-of-stream@https://registry.npmjs.org/end-of-stream/-/end-of-stream-1.4.4.tgz. Extracting by manifest.
284 silly tarball no local data for typedarray@https://registry.npmjs.org/typedarray/-/typedarray-0.0.6.tgz. Extracting by manifest.
285 silly tarball no local data for leven@https://registry.npmjs.org/leven/-/leven-2.1.0.tgz. Extracting by manifest.
286 silly tarball no local data for xtend@https://registry.npmjs.org/xtend/-/xtend-4.0.2.tgz. Extracting by manifest.
287 silly tarball no local data for rfdc@https://registry.npmjs.org/rfdc/-/rfdc-1.4.1.tgz. Extracting by manifest.
288 silly tarball no local data for number-allocator@https://registry.npmjs.org/number-allocator/-/number-allocator-1.0.14.tgz. Extracting by manifest.
289 silly tarball no local data for split2@https://registry.npmjs.org/split2/-/split2-3.2.2.tgz. Extracting by manifest.
290 silly tarball no local data for readable-stream@https://registry.npmjs.org/readable-stream/-/readable-stream-3.6.2.tgz. Extracting by manifest.
291 silly tarball no local data for mqtt-packet@https://registry.npmjs.org/mqtt-packet/-/mqtt-packet-6.10.0.tgz. Extracting by manifest.
292 silly tarball no local data for pump@https://registry.npmjs.org/pump/-/pump-3.0.2.tgz. Extracting by manifest.
293 silly tarball no local data for lru-cache@https://registry.npmjs.org/lru-cache/-/lru-cache-6.0.0.tgz. Extracting by manifest.
294 silly tarball no local data for minimist@https://registry.npmjs.org/minimist/-/minimist-1.2.8.tgz. Extracting by manifest.
295 silly tarball no local data for help-me@https://registry.npmjs.org/help-me/-/help-me-3.0.0.tgz. Extracting by manifest.
296 silly tarball no local data for concat-stream@https://registry.npmjs.org/concat-stream/-/concat-stream-2.0.0.tgz. Extracting by manifest.
297 silly tarball no local data for duplexify@https://registry.npmjs.org/duplexify/-/duplexify-4.1.3.tgz. Extracting by manifest.
298 silly tarball no local data for reinterval@https://registry.npmjs.org/reinterval/-/reinterval-1.1.0.tgz. Extracting by manifest.
299 silly tarball no local data for mqtt@https://registry.npmjs.org/mqtt/-/mqtt-4.3.8.tgz. Extracting by manifest.
300 silly tarball no local data for commist@https://registry.npmjs.org/commist/-/commist-1.1.0.tgz. Extracting by manifest.
301 silly tarball no local data for node-red-contrib-mqtt-auto@https://registry.npmjs.org/node-red-contrib-mqtt-auto/-/node-red-contrib-mqtt-auto-1.0.3.tgz. Extracting by manifest.
302 silly tarball no local data for string_decoder@https://registry.npmjs.org/string_decoder/-/string_decoder-1.3.0.tgz. Extracting by manifest.
303 silly tarball no local data for debug@https://registry.npmjs.org/debug/-/debug-4.4.0.tgz. Extracting by manifest.
304 silly tarball no local data for ieee754@https://registry.npmjs.org/ieee754/-/ieee754-1.2.1.tgz. Extracting by manifest.
305 silly tarball no local data for debug@https://registry.npmjs.org/debug/-/debug-4.4.0.tgz. Extracting by manifest.
306 silly tarball no local data for buffer@https://registry.npmjs.org/buffer/-/buffer-5.7.1.tgz. Extracting by manifest.
307 silly tarball no local data for ws@https://registry.npmjs.org/ws/-/ws-7.5.10.tgz. Extracting by manifest.
308 silly tarball no local data for debug@https://registry.npmjs.org/debug/-/debug-4.4.0.tgz. Extracting by manifest.
309 http fetch GET 200 https://registry.npmjs.org/base64-js/-/base64-js-1.5.1.tgz 114ms (cache miss)
310 http fetch GET 200 https://registry.npmjs.org/concat-map/-/concat-map-0.0.1.tgz 134ms (cache miss)
311 http fetch GET 200 https://registry.npmjs.org/util-deprecate/-/util-deprecate-1.0.2.tgz 143ms (cache miss)
312 http fetch GET 200 https://registry.npmjs.org/bl/-/bl-4.1.0.tgz 141ms (cache miss)
313 http fetch GET 200 https://registry.npmjs.org/yallist/-/yallist-4.0.0.tgz 170ms (cache miss)
314 http fetch GET 200 https://registry.npmjs.org/balanced-match/-/balanced-match-1.0.2.tgz 174ms (cache miss)
315 http fetch GET 200 https://registry.npmjs.org/path-is-absolute/-/path-is-absolute-1.0.1.tgz 174ms (cache miss)
316 http fetch GET 200 https://registry.npmjs.org/process-nextick-args/-/process-nextick-args-2.0.1.tgz 176ms (cache miss)
317 http fetch GET 200 https://registry.npmjs.org/once/-/once-1.4.0.tgz 190ms (cache miss)
318 http fetch GET 200 https://registry.npmjs.org/buffer-from/-/buffer-from-1.1.2.tgz 203ms (cache miss)
319 http fetch GET 200 https://registry.npmjs.org/end-of-stream/-/end-of-stream-1.4.4.tgz 204ms (cache miss)
320 http fetch GET 200 https://registry.npmjs.org/stream-shift/-/stream-shift-1.0.3.tgz 207ms (cache miss)
321 http fetch GET 200 https://registry.npmjs.org/typedarray/-/typedarray-0.0.6.tgz 254ms (cache miss)
322 http fetch GET 200 https://registry.npmjs.org/xtend/-/xtend-4.0.2.tgz 254ms (cache miss)
323 http fetch GET 200 https://registry.npmjs.org/rfdc/-/rfdc-1.4.1.tgz 254ms (cache miss)
324 http fetch GET 200 https://registry.npmjs.org/leven/-/leven-2.1.0.tgz 257ms (cache miss)
325 http fetch GET 200 https://registry.npmjs.org/number-allocator/-/number-allocator-1.0.14.tgz 258ms (cache miss)
326 http fetch GET 200 https://registry.npmjs.org/split2/-/split2-3.2.2.tgz 281ms (cache miss)
327 http fetch GET 200 https://registry.npmjs.org/js-sdsl/-/js-sdsl-4.3.0.tgz 300ms (cache miss)
328 http fetch GET 200 https://registry.npmjs.org/wrappy/-/wrappy-1.0.2.tgz 365ms (cache miss)
329 http fetch GET 200 https://registry.npmjs.org/inflight/-/inflight-1.0.6.tgz 365ms (cache miss)
330 warn deprecated inflight@1.0.6: This module is not supported, and leaks memory. Do not use it. Check out lru-cache if you want a good and tested way to coalesce async requests by a key value, which is much more comprehensive and powerful.
331 http fetch GET 200 https://registry.npmjs.org/mqtt-packet/-/mqtt-packet-6.10.0.tgz 359ms (cache miss)
332 http fetch GET 200 https://registry.npmjs.org/pump/-/pump-3.0.2.tgz 360ms (cache miss)
333 http fetch GET 200 https://registry.npmjs.org/fs.realpath/-/fs.realpath-1.0.0.tgz 374ms (cache miss)
334 http fetch GET 200 https://registry.npmjs.org/lru-cache/-/lru-cache-6.0.0.tgz 364ms (cache miss)
335 http fetch GET 200 https://registry.npmjs.org/brace-expansion/-/brace-expansion-1.1.11.tgz 380ms (cache miss)
336 http fetch GET 200 https://registry.npmjs.org/minimatch/-/minimatch-3.1.2.tgz 384ms (cache miss)
337 http fetch GET 200 https://registry.npmjs.org/glob/-/glob-7.2.3.tgz 395ms (cache miss)
338 warn deprecated glob@7.2.3: Glob versions prior to v9 are no longer supported
339 http fetch GET 200 https://registry.npmjs.org/help-me/-/help-me-3.0.0.tgz 387ms (cache miss)
340 http fetch GET 200 https://registry.npmjs.org/concat-stream/-/concat-stream-2.0.0.tgz 388ms (cache miss)
341 http fetch GET 200 https://registry.npmjs.org/duplexify/-/duplexify-4.1.3.tgz 389ms (cache miss)
342 http fetch GET 200 https://registry.npmjs.org/reinterval/-/reinterval-1.1.0.tgz 390ms (cache miss)
343 http fetch GET 200 https://registry.npmjs.org/minimist/-/minimist-1.2.8.tgz 397ms (cache miss)
344 http fetch GET 200 https://registry.npmjs.org/ieee754/-/ieee754-1.2.1.tgz 407ms (cache miss)
345 http fetch GET 200 https://registry.npmjs.org/commist/-/commist-1.1.0.tgz 412ms (cache miss)
346 http fetch GET 200 https://registry.npmjs.org/string_decoder/-/string_decoder-1.3.0.tgz 432ms (cache miss)
347 http fetch GET 200 https://registry.npmjs.org/debug/-/debug-4.4.0.tgz 439ms (cache miss)
348 http fetch GET 200 https://registry.npmjs.org/ws/-/ws-7.5.10.tgz 444ms (cache miss)
349 http fetch GET 200 https://registry.npmjs.org/debug/-/debug-4.4.0.tgz 447ms (cache miss)
350 http fetch GET 200 https://registry.npmjs.org/buffer/-/buffer-5.7.1.tgz 452ms (cache miss)
351 http fetch GET 200 https://registry.npmjs.org/debug/-/debug-4.4.0.tgz 455ms (cache miss)
352 http fetch GET 200 https://registry.npmjs.org/readable-stream/-/readable-stream-3.6.2.tgz 467ms (cache miss)
353 http fetch GET 200 https://registry.npmjs.org/mqtt/-/mqtt-4.3.8.tgz 476ms (cache miss)
354 http fetch GET 200 https://registry.npmjs.org/node-red-contrib-mqtt-auto/-/node-red-contrib-mqtt-auto-1.0.3.tgz 659ms (cache miss)
355 silly ADD node_modules/util-deprecate
356 silly ADD node_modules/string_decoder
357 silly ADD node_modules/js-sdsl
358 silly ADD node_modules/ieee754
359 silly ADD node_modules/base64-js
360 silly ADD node_modules/buffer
361 silly ADD node_modules/process-nextick-args
362 silly ADD node_modules/bl
363 silly ADD node_modules/concat-map
364 silly ADD node_modules/balanced-match
365 silly ADD node_modules/brace-expansion
366 silly ADD node_modules/yallist
367 silly ADD node_modules/wrappy
368 silly ADD node_modules/path-is-absolute
369 silly ADD node_modules/minimatch
370 silly ADD node_modules/inflight
371 silly ADD node_modules/fs.realpath
372 silly ADD node_modules/glob
373 silly ADD node_modules/once
374 silly ADD node_modules/stream-shift
375 silly ADD node_modules/end-of-stream
376 silly ADD node_modules/typedarray
377 silly ADD node_modules/buffer-from
378 silly ADD node_modules/leven
379 silly ADD node_modules/xtend
380 silly ADD node_modules/split2
381 silly ADD node_modules/rfdc
382 silly ADD node_modules/reinterval
383 silly ADD node_modules/readable-stream
384 silly ADD node_modules/pump
385 silly ADD node_modules/number-allocator
386 silly ADD node_modules/number-allocator/node_modules/ms
387 silly ADD node_modules/number-allocator/node_modules/debug
388 silly ADD node_modules/mqtt-packet
389 silly ADD node_modules/mqtt-packet/node_modules/ms
390 silly ADD node_modules/mqtt-packet/node_modules/debug
391 silly ADD node_modules/minimist
392 silly ADD node_modules/lru-cache
393 silly ADD node_modules/help-me
394 silly ADD node_modules/duplexify
395 silly ADD node_modules/concat-stream
396 silly ADD node_modules/commist
397 silly ADD node_modules/mqtt
398 silly ADD node_modules/mqtt/node_modules/ms
399 silly ADD node_modules/mqtt/node_modules/ws
400 silly ADD node_modules/mqtt/node_modules/debug
401 silly ADD node_modules/node-red-contrib-mqtt-auto
402 verbose cwd /data
403 verbose os Linux 6.10.14-linuxkit
404 verbose node v20.18.2
405 verbose npm  v10.8.2
406 verbose exit 0
407 info ok
