0 verbose cli /usr/local/bin/node /usr/local/bin/npm
1 info using npm@10.8.2
2 info using node@v20.18.3
3 silly config load:file:/usr/local/lib/node_modules/npm/npmrc
4 silly config load:file:/data/.npmrc
5 silly config load:file:/usr/src/node-red/.npmrc
6 silly config load:file:/usr/local/etc/npmrc
7 verbose title npm install node-red-contrib-telegrambot@16.1.3
8 verbose argv "install" "--no-audit" "--no-update-notifier" "--no-fund" "--save" "--save-prefix" "~" "--omit" "dev" "--engine-strict" "node-red-contrib-telegrambot@16.1.3"
9 verbose logfile logs-max:10 dir:/data/.npm/_logs/2025-04-19T09_05_44_472Z-
10 verbose logfile /data/.npm/_logs/2025-04-19T09_05_44_472Z-debug-0.log
11 silly packumentCache heap:2197815296 maxSize:549453824 maxEntrySize:274726912
12 silly logfile start cleaning logs, removing 1 files
13 silly logfile done cleaning log files
14 silly idealTree buildDeps
15 silly fetch manifest node-red-contrib-telegrambot@16.1.3
16 silly packumentCache full:https://registry.npmjs.org/node-red-contrib-telegrambot cache-miss
17 http fetch GET 200 https://registry.npmjs.org/node-red-contrib-telegrambot 1982ms (cache updated)
18 silly packumentCache full:https://registry.npmjs.org/node-red-contrib-telegrambot set size:undefined disposed:false
19 silly placeDep ROOT node-red-contrib-telegrambot@16.1.3 REPLACE for: node-red-project@0.0.1 want: 16.1.3
20 silly reify mark retired [ '/data/node_modules/node-red-contrib-telegrambot' ]
21 silly reify moves {
21 silly reify   '/data/node_modules/node-red-contrib-telegrambot': '/data/node_modules/.node-red-contrib-telegrambot-B71acOxW'
21 silly reify }
22 silly CHANGE node_modules/node-red-contrib-telegrambot
23 verbose cwd /data
24 verbose os Linux 5.15.167.4-microsoft-standard-WSL2
25 verbose node v20.18.3
26 verbose npm  v10.8.2
27 verbose exit 0
28 info ok
