0 verbose cli /usr/local/bin/node /usr/local/bin/npm
1 info using npm@10.8.2
2 info using node@v20.18.2
3 silly config load:file:/usr/local/lib/node_modules/npm/npmrc
4 silly config load:file:/data/.npmrc
5 silly config load:file:/usr/src/node-red/.npmrc
6 silly config load:file:/usr/local/etc/npmrc
7 verbose title npm install node-red-contrib-telegrambot@16.1.3
8 verbose argv "install" "--no-audit" "--no-update-notifier" "--no-fund" "--save" "--save-prefix" "~" "--omit" "dev" "--engine-strict" "node-red-contrib-telegrambot@16.1.3"
9 verbose logfile logs-max:10 dir:/data/.npm/_logs/2025-02-08T18_49_41_628Z-
10 verbose logfile /data/.npm/_logs/2025-02-08T18_49_41_628Z-debug-0.log
11 silly packumentCache heap:2197815296 maxSize:549453824 maxEntrySize:274726912
12 silly logfile done cleaning log files
13 silly idealTree buildDeps
14 silly fetch manifest node-red-contrib-telegrambot@16.1.3
15 silly packumentCache full:https://registry.npmjs.org/node-red-contrib-telegrambot cache-miss
16 verbose shrinkwrap failed to load node_modules/.package-lock.json out of date, updated: node_modules
17 http fetch GET 200 https://registry.npmjs.org/node-red-contrib-telegrambot 496ms (cache miss)
18 silly packumentCache full:https://registry.npmjs.org/node-red-contrib-telegrambot set size:undefined disposed:false
19 silly placeDep ROOT node-red-contrib-telegrambot@16.1.3 REPLACE for: node-red-project@0.0.1 want: 16.1.3
20 silly reify mark retired [ '/data/node_modules/ajv' ]
21 silly reify mark retired [ '/data/node_modules/agent-base' ]
22 silly reify mark retired [ '/data/node_modules/array.prototype.findindex' ]
23 silly reify mark retired [ '/data/node_modules/assert-plus' ]
24 silly reify mark retired [ '/data/node_modules/array-buffer-byte-length' ]
25 silly reify mark retired [ '/data/node_modules/arraybuffer.prototype.slice' ]
26 silly reify mark retired [ '/data/node_modules/asn1' ]
27 silly reify mark retired [ '/data/node_modules/async-function' ]
28 silly reify mark retired [ '/data/node_modules/available-typed-arrays' ]
29 silly reify mark retired [ '/data/node_modules/asynckit' ]
30 silly reify mark retired [ '/data/node_modules/aws-sign2' ]
31 silly reify mark retired [ '/data/node_modules/bluebird' ]
32 silly reify mark retired [ '/data/node_modules/bcrypt-pbkdf' ]
33 silly reify mark retired [ '/data/node_modules/call-bind' ]
34 silly reify mark retired [ '/data/node_modules/aws4' ]
35 silly reify mark retired [ '/data/node_modules/call-bound' ]
36 silly reify mark retired [ '/data/node_modules/call-bind-apply-helpers' ]
37 silly reify mark retired [ '/data/node_modules/caseless' ]
38 silly reify mark retired [ '/data/node_modules/combined-stream' ]
39 silly reify mark retired [ '/data/node_modules/core-util-is' ]
40 silly reify mark retired [ '/data/node_modules/data-view-buffer' ]
41 silly reify mark retired [ '/data/node_modules/dashdash' ]
42 silly reify mark retired [ '/data/node_modules/data-view-byte-length' ]
43 silly reify mark retired [ '/data/node_modules/data-view-byte-offset' ]
44 silly reify mark retired [ '/data/node_modules/define-data-property' ]
45 silly reify mark retired [ '/data/node_modules/define-properties' ]
46 silly reify mark retired [ '/data/node_modules/delayed-stream' ]
47 silly reify mark retired [ '/data/node_modules/ecc-jsbn' ]
48 silly reify mark retired [ '/data/node_modules/dunder-proto' ]
49 silly reify mark retired [ '/data/node_modules/es-define-property' ]
50 silly reify mark retired [ '/data/node_modules/es-errors' ]
51 silly reify mark retired [ '/data/node_modules/es-abstract' ]
52 silly reify mark retired [ '/data/node_modules/es-object-atoms' ]
53 silly reify mark retired [ '/data/node_modules/es-set-tostringtag' ]
54 silly reify mark retired [ '/data/node_modules/es-shim-unscopables' ]
55 silly reify mark retired [ '/data/node_modules/es-to-primitive' ]
56 silly reify mark retired [ '/data/node_modules/eventemitter3' ]
57 silly reify mark retired [ '/data/node_modules/extsprintf' ]
58 silly reify mark retired [ '/data/node_modules/fast-deep-equal' ]
59 silly reify mark retired [ '/data/node_modules/fast-json-stable-stringify' ]
60 silly reify mark retired [ '/data/node_modules/file-type' ]
61 silly reify mark retired [ '/data/node_modules/for-each' ]
62 silly reify mark retired [ '/data/node_modules/forever-agent' ]
63 silly reify mark retired [ '/data/node_modules/form-data' ]
64 silly reify mark retired [ '/data/node_modules/function-bind' ]
65 silly reify mark retired [ '/data/node_modules/functions-have-names' ]
66 silly reify mark retired [ '/data/node_modules/get-intrinsic' ]
67 silly reify mark retired [ '/data/node_modules/function.prototype.name' ]
68 silly reify mark retired [ '/data/node_modules/get-proto' ]
69 silly reify mark retired [ '/data/node_modules/extend' ]
70 silly reify mark retired [ '/data/node_modules/get-symbol-description' ]
71 silly reify mark retired [ '/data/node_modules/getpass' ]
72 silly reify mark retired [ '/data/node_modules/gopd' ]
73 silly reify mark retired [ '/data/node_modules/har-schema' ]
74 silly reify mark retired [ '/data/node_modules/globalthis' ]
75 silly reify mark retired [ '/data/node_modules/har-validator' ]
76 silly reify mark retired [ '/data/node_modules/has-bigints' ]
77 silly reify mark retired [ '/data/node_modules/has-proto' ]
78 silly reify mark retired [ '/data/node_modules/has-property-descriptors' ]
79 silly reify mark retired [ '/data/node_modules/has-symbols' ]
80 silly reify mark retired [ '/data/node_modules/has-tostringtag' ]
81 silly reify mark retired [ '/data/node_modules/hasown' ]
82 silly reify mark retired [ '/data/node_modules/http-signature' ]
83 silly reify mark retired [ '/data/node_modules/internal-slot' ]
84 silly reify mark retired [ '/data/node_modules/is-array-buffer' ]
85 silly reify mark retired [ '/data/node_modules/is-async-function' ]
86 silly reify mark retired [ '/data/node_modules/is-boolean-object' ]
87 silly reify mark retired [ '/data/node_modules/is-callable' ]
88 silly reify mark retired [ '/data/node_modules/is-bigint' ]
89 silly reify mark retired [ '/data/node_modules/is-data-view' ]
90 silly reify mark retired [ '/data/node_modules/is-date-object' ]
91 silly reify mark retired [ '/data/node_modules/is-finalizationregistry' ]
92 silly reify mark retired [ '/data/node_modules/is-generator-function' ]
93 silly reify mark retired [ '/data/node_modules/is-map' ]
94 silly reify mark retired [ '/data/node_modules/is-number-object' ]
95 silly reify mark retired [ '/data/node_modules/is-regex' ]
96 silly reify mark retired [ '/data/node_modules/is-set' ]
97 silly reify mark retired [ '/data/node_modules/is-shared-array-buffer' ]
98 silly reify mark retired [ '/data/node_modules/is-symbol' ]
99 silly reify mark retired [ '/data/node_modules/is-string' ]
100 silly reify mark retired [ '/data/node_modules/is-typed-array' ]
101 silly reify mark retired [ '/data/node_modules/is-weakmap' ]
102 silly reify mark retired [ '/data/node_modules/is-weakref' ]
103 silly reify mark retired [ '/data/node_modules/is-weakset' ]
104 silly reify mark retired [ '/data/node_modules/isarray' ]
105 silly reify mark retired [ '/data/node_modules/json-schema-traverse' ]
106 silly reify mark retired [ '/data/node_modules/json-stringify-safe' ]
107 silly reify mark retired [ '/data/node_modules/isstream' ]
108 silly reify mark retired [ '/data/node_modules/json-schema' ]
109 silly reify mark retired [ '/data/node_modules/jsprim' ]
110 silly reify mark retired [ '/data/node_modules/lodash' ]
111 silly reify mark retired [ '/data/node_modules/math-intrinsics' ]
112 silly reify mark retired [ '/data/node_modules/node-telegram-bot-api' ]
113 silly reify mark retired [ '/data/node_modules/node-red-contrib-telegrambot' ]
114 silly reify mark retired [ '/data/node_modules/oauth-sign' ]
115 silly reify mark retired [ '/data/node_modules/object-inspect' ]
116 silly reify mark retired [ '/data/node_modules/object-keys' ]
117 silly reify mark retired [ '/data/node_modules/object.assign' ]
118 silly reify mark retired [ '/data/node_modules/own-keys' ]
119 silly reify mark retired [ '/data/node_modules/performance-now' ]
120 silly reify mark retired [ '/data/node_modules/possible-typed-array-names' ]
121 silly reify mark retired [ '/data/node_modules/psl' ]
122 silly reify mark retired [ '/data/node_modules/punycode' ]
123 silly reify mark retired [ '/data/node_modules/querystringify' ]
124 silly reify mark retired [ '/data/node_modules/reflect.getprototypeof' ]
125 silly reify mark retired [ '/data/node_modules/qs' ]
126 silly reify mark retired [ '/data/node_modules/regexp.prototype.flags' ]
127 silly reify mark retired [ '/data/node_modules/request' ]
128 silly reify mark retired [ '/data/node_modules/request-promise-core' ]
129 silly reify mark retired [ '/data/node_modules/safe-array-concat' ]
130 silly reify mark retired [ '/data/node_modules/requires-port' ]
131 silly reify mark retired [ '/data/node_modules/safe-push-apply' ]
132 silly reify mark retired [ '/data/node_modules/safe-regex-test' ]
133 silly reify mark retired [ '/data/node_modules/set-function-length' ]
134 silly reify mark retired [ '/data/node_modules/safer-buffer' ]
135 silly reify mark retired [ '/data/node_modules/set-function-name' ]
136 silly reify mark retired [ '/data/node_modules/set-proto' ]
137 silly reify mark retired [ '/data/node_modules/side-channel' ]
138 silly reify mark retired [ '/data/node_modules/side-channel-list' ]
139 silly reify mark retired [ '/data/node_modules/side-channel-map' ]
140 silly reify mark retired [ '/data/node_modules/socks-proxy-agent' ]
141 silly reify mark retired [ '/data/node_modules/side-channel-weakmap' ]
142 silly reify mark retired [ '/data/node_modules/sshpk' ]
143 silly reify mark retired [ '/data/node_modules/string.prototype.trim' ]
144 silly reify mark retired [ '/data/node_modules/stealthy-require' ]
145 silly reify mark retired [ '/data/node_modules/string.prototype.trimend' ]
146 silly reify mark retired [ '/data/node_modules/tldts' ]
147 silly reify mark retired [ '/data/node_modules/tldts-core' ]
148 silly reify mark retired [ '/data/node_modules/string.prototype.trimstart' ]
149 silly reify mark retired [ '/data/node_modules/tough-cookie' ]
150 silly reify mark retired [ '/data/node_modules/tunnel-agent' ]
151 silly reify mark retired [ '/data/node_modules/tweetnacl' ]
152 silly reify mark retired [ '/data/node_modules/typed-array-byte-length' ]
153 silly reify mark retired [ '/data/node_modules/typed-array-buffer' ]
154 silly reify mark retired [ '/data/node_modules/typed-array-byte-offset' ]
155 silly reify mark retired [ '/data/node_modules/typed-array-length' ]
156 silly reify mark retired [ '/data/node_modules/unbox-primitive' ]
157 silly reify mark retired [ '/data/node_modules/universalify' ]
158 silly reify mark retired [ '/data/node_modules/uri-js' ]
159 silly reify mark retired [ '/data/node_modules/url-parse' ]
160 silly reify mark retired [ '/data/node_modules/verror' ]
161 silly reify mark retired [ '/data/node_modules/which-boxed-primitive' ]
162 silly reify mark retired [ '/data/node_modules/uuid' ]
163 silly reify mark retired [ '/data/node_modules/which-builtin-type' ]
164 silly reify mark retired [ '/data/node_modules/which-collection' ]
165 silly reify mark retired [ '/data/node_modules/which-typed-array' ]
166 silly reify mark retired [ '/data/node_modules/@cypress/request' ]
167 silly reify mark retired [ '/data/node_modules/@cypress/request-promise' ]
168 silly reify moves {
168 silly reify   '/data/node_modules/ajv': '/data/node_modules/.ajv-jzyQZzDM',
168 silly reify   '/data/node_modules/agent-base': '/data/node_modules/.agent-base-YVqTSI8f',
168 silly reify   '/data/node_modules/array.prototype.findindex': '/data/node_modules/.array.prototype.findindex-G8edcueC',
168 silly reify   '/data/node_modules/assert-plus': '/data/node_modules/.assert-plus-YZQnnLf9',
168 silly reify   '/data/node_modules/array-buffer-byte-length': '/data/node_modules/.array-buffer-byte-length-oZjukEgA',
168 silly reify   '/data/node_modules/arraybuffer.prototype.slice': '/data/node_modules/.arraybuffer.prototype.slice-k1DeA9WX',
168 silly reify   '/data/node_modules/asn1': '/data/node_modules/.asn1-e0bUEltG',
168 silly reify   '/data/node_modules/async-function': '/data/node_modules/.async-function-s8ONXB3G',
168 silly reify   '/data/node_modules/available-typed-arrays': '/data/node_modules/.available-typed-arrays-F0pPOmmD',
168 silly reify   '/data/node_modules/asynckit': '/data/node_modules/.asynckit-fWfEfcP5',
168 silly reify   '/data/node_modules/aws-sign2': '/data/node_modules/.aws-sign2-X45wVquF',
168 silly reify   '/data/node_modules/bluebird': '/data/node_modules/.bluebird-i0K7vRRs',
168 silly reify   '/data/node_modules/bcrypt-pbkdf': '/data/node_modules/.bcrypt-pbkdf-ttTcMKMW',
168 silly reify   '/data/node_modules/call-bind': '/data/node_modules/.call-bind-Yv9jQlrb',
168 silly reify   '/data/node_modules/aws4': '/data/node_modules/.aws4-Wbwj5ujf',
168 silly reify   '/data/node_modules/call-bound': '/data/node_modules/.call-bound-9wgF2ur3',
168 silly reify   '/data/node_modules/call-bind-apply-helpers': '/data/node_modules/.call-bind-apply-helpers-tgniXrFt',
168 silly reify   '/data/node_modules/caseless': '/data/node_modules/.caseless-ekVdtHwV',
168 silly reify   '/data/node_modules/combined-stream': '/data/node_modules/.combined-stream-0zmoVf8j',
168 silly reify   '/data/node_modules/core-util-is': '/data/node_modules/.core-util-is-9IULv6p7',
168 silly reify   '/data/node_modules/data-view-buffer': '/data/node_modules/.data-view-buffer-gqqkJZgs',
168 silly reify   '/data/node_modules/dashdash': '/data/node_modules/.dashdash-TmMTJdjV',
168 silly reify   '/data/node_modules/data-view-byte-length': '/data/node_modules/.data-view-byte-length-jd2eX3U8',
168 silly reify   '/data/node_modules/data-view-byte-offset': '/data/node_modules/.data-view-byte-offset-kErtIBFA',
168 silly reify   '/data/node_modules/define-data-property': '/data/node_modules/.define-data-property-VKT18bAJ',
168 silly reify   '/data/node_modules/define-properties': '/data/node_modules/.define-properties-HxCEOxbB',
168 silly reify   '/data/node_modules/delayed-stream': '/data/node_modules/.delayed-stream-RwPyxr6p',
168 silly reify   '/data/node_modules/ecc-jsbn': '/data/node_modules/.ecc-jsbn-9XjzsfMH',
168 silly reify   '/data/node_modules/dunder-proto': '/data/node_modules/.dunder-proto-Q8sTm0ki',
168 silly reify   '/data/node_modules/es-define-property': '/data/node_modules/.es-define-property-IEVHdp4Z',
168 silly reify   '/data/node_modules/es-errors': '/data/node_modules/.es-errors-2sMHs2CU',
168 silly reify   '/data/node_modules/es-abstract': '/data/node_modules/.es-abstract-O0taOor5',
168 silly reify   '/data/node_modules/es-object-atoms': '/data/node_modules/.es-object-atoms-CvCWAMFj',
168 silly reify   '/data/node_modules/es-set-tostringtag': '/data/node_modules/.es-set-tostringtag-9MaL3Dve',
168 silly reify   '/data/node_modules/es-shim-unscopables': '/data/node_modules/.es-shim-unscopables-dP2rtD93',
168 silly reify   '/data/node_modules/es-to-primitive': '/data/node_modules/.es-to-primitive-g13LEq4e',
168 silly reify   '/data/node_modules/eventemitter3': '/data/node_modules/.eventemitter3-x5xH1mQP',
168 silly reify   '/data/node_modules/extsprintf': '/data/node_modules/.extsprintf-FoHmJk3p',
168 silly reify   '/data/node_modules/fast-deep-equal': '/data/node_modules/.fast-deep-equal-zliBd0dy',
168 silly reify   '/data/node_modules/fast-json-stable-stringify': '/data/node_modules/.fast-json-stable-stringify-fvJHGmZ2',
168 silly reify   '/data/node_modules/file-type': '/data/node_modules/.file-type-8JbuQkaB',
168 silly reify   '/data/node_modules/for-each': '/data/node_modules/.for-each-y9KLnFPy',
168 silly reify   '/data/node_modules/forever-agent': '/data/node_modules/.forever-agent-ETyJOEPt',
168 silly reify   '/data/node_modules/form-data': '/data/node_modules/.form-data-VxlkrdGS',
168 silly reify   '/data/node_modules/function-bind': '/data/node_modules/.function-bind-8LMoDvai',
168 silly reify   '/data/node_modules/functions-have-names': '/data/node_modules/.functions-have-names-DpintfK7',
168 silly reify   '/data/node_modules/get-intrinsic': '/data/node_modules/.get-intrinsic-y5kFVvYI',
168 silly reify   '/data/node_modules/function.prototype.name': '/data/node_modules/.function.prototype.name-FqhzLEQ6',
168 silly reify   '/data/node_modules/get-proto': '/data/node_modules/.get-proto-l2byuRli',
168 silly reify   '/data/node_modules/extend': '/data/node_modules/.extend-IBMMU5HM',
168 silly reify   '/data/node_modules/get-symbol-description': '/data/node_modules/.get-symbol-description-ODBFYM45',
168 silly reify   '/data/node_modules/getpass': '/data/node_modules/.getpass-8UGyalEQ',
168 silly reify   '/data/node_modules/gopd': '/data/node_modules/.gopd-mT5X6yfP',
168 silly reify   '/data/node_modules/har-schema': '/data/node_modules/.har-schema-uXiZHIR3',
168 silly reify   '/data/node_modules/globalthis': '/data/node_modules/.globalthis-S5NLstUz',
168 silly reify   '/data/node_modules/har-validator': '/data/node_modules/.har-validator-TX2bAY5B',
168 silly reify   '/data/node_modules/has-bigints': '/data/node_modules/.has-bigints-gC8X6CRF',
168 silly reify   '/data/node_modules/has-proto': '/data/node_modules/.has-proto-yYgfIZsG',
168 silly reify   '/data/node_modules/has-property-descriptors': '/data/node_modules/.has-property-descriptors-Zkw8eNQa',
168 silly reify   '/data/node_modules/has-symbols': '/data/node_modules/.has-symbols-6o5YgQnL',
168 silly reify   '/data/node_modules/has-tostringtag': '/data/node_modules/.has-tostringtag-udI1voPK',
168 silly reify   '/data/node_modules/hasown': '/data/node_modules/.hasown-7vUUDMas',
168 silly reify   '/data/node_modules/http-signature': '/data/node_modules/.http-signature-sXjIiir6',
168 silly reify   '/data/node_modules/internal-slot': '/data/node_modules/.internal-slot-fnjGSP63',
168 silly reify   '/data/node_modules/is-array-buffer': '/data/node_modules/.is-array-buffer-Yu5rDmnm',
168 silly reify   '/data/node_modules/is-async-function': '/data/node_modules/.is-async-function-Qsa4PND6',
168 silly reify   '/data/node_modules/is-boolean-object': '/data/node_modules/.is-boolean-object-ZVFwMMjX',
168 silly reify   '/data/node_modules/is-callable': '/data/node_modules/.is-callable-yfiNyIDr',
168 silly reify   '/data/node_modules/is-bigint': '/data/node_modules/.is-bigint-5TLrRGnv',
168 silly reify   '/data/node_modules/is-data-view': '/data/node_modules/.is-data-view-CToBRSHd',
168 silly reify   '/data/node_modules/is-date-object': '/data/node_modules/.is-date-object-4yYDbyJf',
168 silly reify   '/data/node_modules/is-finalizationregistry': '/data/node_modules/.is-finalizationregistry-CTfbFemQ',
168 silly reify   '/data/node_modules/is-generator-function': '/data/node_modules/.is-generator-function-dW0JnBcx',
168 silly reify   '/data/node_modules/is-map': '/data/node_modules/.is-map-AiHVTnqw',
168 silly reify   '/data/node_modules/is-number-object': '/data/node_modules/.is-number-object-mp8sjLsf',
168 silly reify   '/data/node_modules/is-regex': '/data/node_modules/.is-regex-fftmJuyv',
168 silly reify   '/data/node_modules/is-set': '/data/node_modules/.is-set-DGMRyc1q',
168 silly reify   '/data/node_modules/is-shared-array-buffer': '/data/node_modules/.is-shared-array-buffer-a9XfFoS1',
168 silly reify   '/data/node_modules/is-symbol': '/data/node_modules/.is-symbol-KwGjPpNx',
168 silly reify   '/data/node_modules/is-string': '/data/node_modules/.is-string-sUiMxW0S',
168 silly reify   '/data/node_modules/is-typed-array': '/data/node_modules/.is-typed-array-zKAY927Q',
168 silly reify   '/data/node_modules/is-weakmap': '/data/node_modules/.is-weakmap-oAvAW0Jo',
168 silly reify   '/data/node_modules/is-weakref': '/data/node_modules/.is-weakref-RpZ4UTFO',
168 silly reify   '/data/node_modules/is-weakset': '/data/node_modules/.is-weakset-IgR2PLQS',
168 silly reify   '/data/node_modules/isarray': '/data/node_modules/.isarray-Qb0SFsNw',
168 silly reify   '/data/node_modules/json-schema-traverse': '/data/node_modules/.json-schema-traverse-zMJEzWC6',
168 silly reify   '/data/node_modules/json-stringify-safe': '/data/node_modules/.json-stringify-safe-JGxUyLWG',
168 silly reify   '/data/node_modules/isstream': '/data/node_modules/.isstream-3iJGFMBy',
168 silly reify   '/data/node_modules/json-schema': '/data/node_modules/.json-schema-oZ7nJNQT',
168 silly reify   '/data/node_modules/jsprim': '/data/node_modules/.jsprim-xDzGB51Y',
168 silly reify   '/data/node_modules/lodash': '/data/node_modules/.lodash-RwIfwiNE',
168 silly reify   '/data/node_modules/math-intrinsics': '/data/node_modules/.math-intrinsics-fi0YAEMp',
168 silly reify   '/data/node_modules/node-telegram-bot-api': '/data/node_modules/.node-telegram-bot-api-YuOJm3lQ',
168 silly reify   '/data/node_modules/node-red-contrib-telegrambot': '/data/node_modules/.node-red-contrib-telegrambot-B71acOxW',
168 silly reify   '/data/node_modules/oauth-sign': '/data/node_modules/.oauth-sign-1dcypRvD',
168 silly reify   '/data/node_modules/object-inspect': '/data/node_modules/.object-inspect-geCx57bY',
168 silly reify   '/data/node_modules/object-keys': '/data/node_modules/.object-keys-GOrTzMDG',
168 silly reify   '/data/node_modules/object.assign': '/data/node_modules/.object.assign-JTeXEkTP',
168 silly reify   '/data/node_modules/own-keys': '/data/node_modules/.own-keys-LF5L2aG7',
168 silly reify   '/data/node_modules/performance-now': '/data/node_modules/.performance-now-q04eAUSy',
168 silly reify   '/data/node_modules/possible-typed-array-names': '/data/node_modules/.possible-typed-array-names-1tyaQ2BI',
168 silly reify   '/data/node_modules/psl': '/data/node_modules/.psl-l2CdK3gQ',
168 silly reify   '/data/node_modules/punycode': '/data/node_modules/.punycode-gyQTLwWT',
168 silly reify   '/data/node_modules/querystringify': '/data/node_modules/.querystringify-LmJqEaYW',
168 silly reify   '/data/node_modules/reflect.getprototypeof': '/data/node_modules/.reflect.getprototypeof-kIiArOjx',
168 silly reify   '/data/node_modules/qs': '/data/node_modules/.qs-t2ewpGYR',
168 silly reify   '/data/node_modules/regexp.prototype.flags': '/data/node_modules/.regexp.prototype.flags-Zhmjl5Kt',
168 silly reify   '/data/node_modules/request': '/data/node_modules/.request-DH2dnj1F',
168 silly reify   '/data/node_modules/request-promise-core': '/data/node_modules/.request-promise-core-kKo4ZYwR',
168 silly reify   '/data/node_modules/safe-array-concat': '/data/node_modules/.safe-array-concat-obybANDw',
168 silly reify   '/data/node_modules/requires-port': '/data/node_modules/.requires-port-65AuYnvS',
168 silly reify   '/data/node_modules/safe-push-apply': '/data/node_modules/.safe-push-apply-OoCW7zQy',
168 silly reify   '/data/node_modules/safe-regex-test': '/data/node_modules/.safe-regex-test-DUJyYzzl',
168 silly reify   '/data/node_modules/set-function-length': '/data/node_modules/.set-function-length-hVqCwJXi',
168 silly reify   '/data/node_modules/safer-buffer': '/data/node_modules/.safer-buffer-aAdgwKtH',
168 silly reify   '/data/node_modules/set-function-name': '/data/node_modules/.set-function-name-Qk08C00T',
168 silly reify   '/data/node_modules/set-proto': '/data/node_modules/.set-proto-G3fJ4K90',
168 silly reify   '/data/node_modules/side-channel': '/data/node_modules/.side-channel-UuWWjaWY',
168 silly reify   '/data/node_modules/side-channel-list': '/data/node_modules/.side-channel-list-Xvl0I2r0',
168 silly reify   '/data/node_modules/side-channel-map': '/data/node_modules/.side-channel-map-0ahIv0ql',
168 silly reify   '/data/node_modules/socks-proxy-agent': '/data/node_modules/.socks-proxy-agent-cMunNzIP',
168 silly reify   '/data/node_modules/side-channel-weakmap': '/data/node_modules/.side-channel-weakmap-CWavPK5F',
168 silly reify   '/data/node_modules/sshpk': '/data/node_modules/.sshpk-eLsZQtXO',
168 silly reify   '/data/node_modules/string.prototype.trim': '/data/node_modules/.string.prototype.trim-uLGdwj0o',
168 silly reify   '/data/node_modules/stealthy-require': '/data/node_modules/.stealthy-require-zsoPKG42',
168 silly reify   '/data/node_modules/string.prototype.trimend': '/data/node_modules/.string.prototype.trimend-OvazvP3q',
168 silly reify   '/data/node_modules/tldts': '/data/node_modules/.tldts-4kPArgZ5',
168 silly reify   '/data/node_modules/tldts-core': '/data/node_modules/.tldts-core-FZ7GOfvP',
168 silly reify   '/data/node_modules/string.prototype.trimstart': '/data/node_modules/.string.prototype.trimstart-z0rGnqnZ',
168 silly reify   '/data/node_modules/tough-cookie': '/data/node_modules/.tough-cookie-vIsWCDtx',
168 silly reify   '/data/node_modules/tunnel-agent': '/data/node_modules/.tunnel-agent-o9qAJAS3',
168 silly reify   '/data/node_modules/tweetnacl': '/data/node_modules/.tweetnacl-FVDo8YcJ',
168 silly reify   '/data/node_modules/typed-array-byte-length': '/data/node_modules/.typed-array-byte-length-OekfFUfT',
168 silly reify   '/data/node_modules/typed-array-buffer': '/data/node_modules/.typed-array-buffer-ugvKJUp1',
168 silly reify   '/data/node_modules/typed-array-byte-offset': '/data/node_modules/.typed-array-byte-offset-2onPSZFR',
168 silly reify   '/data/node_modules/typed-array-length': '/data/node_modules/.typed-array-length-unufZUdz',
168 silly reify   '/data/node_modules/unbox-primitive': '/data/node_modules/.unbox-primitive-7g03mrML',
168 silly reify   '/data/node_modules/universalify': '/data/node_modules/.universalify-oE2Nbdzx',
168 silly reify   '/data/node_modules/uri-js': '/data/node_modules/.uri-js-yojBRoJj',
168 silly reify   '/data/node_modules/url-parse': '/data/node_modules/.url-parse-AKZaTwUg',
168 silly reify   '/data/node_modules/verror': '/data/node_modules/.verror-WoSm6F9n',
168 silly reify   '/data/node_modules/which-boxed-primitive': '/data/node_modules/.which-boxed-primitive-hr1bJZa0',
168 silly reify   '/data/node_modules/uuid': '/data/node_modules/.uuid-4ltFvtl7',
168 silly reify   '/data/node_modules/which-builtin-type': '/data/node_modules/.which-builtin-type-cSKgEqO1',
168 silly reify   '/data/node_modules/which-collection': '/data/node_modules/.which-collection-MeOoXt2j',
168 silly reify   '/data/node_modules/which-typed-array': '/data/node_modules/.which-typed-array-Zcm1Uc2I',
168 silly reify   '/data/node_modules/@cypress/request': '/data/node_modules/@cypress/.request-1E8GnRMD',
168 silly reify   '/data/node_modules/@cypress/request-promise': '/data/node_modules/@cypress/.request-promise-0NX0J0rE'
168 silly reify }
169 silly tarball no local data for @cypress/request-promise@https://registry.npmjs.org/@cypress/request-promise/-/request-promise-5.0.0.tgz. Extracting by manifest.
170 silly tarball no local data for which-typed-array@https://registry.npmjs.org/which-typed-array/-/which-typed-array-1.1.18.tgz. Extracting by manifest.
171 silly tarball no local data for which-collection@https://registry.npmjs.org/which-collection/-/which-collection-1.0.2.tgz. Extracting by manifest.
172 silly tarball no local data for url-parse@https://registry.npmjs.org/url-parse/-/url-parse-1.5.10.tgz. Extracting by manifest.
173 silly tarball no local data for @cypress/request@https://registry.npmjs.org/@cypress/request/-/request-3.0.7.tgz. Extracting by manifest.
174 silly tarball no local data for uuid@https://registry.npmjs.org/uuid/-/uuid-8.3.2.tgz. Extracting by manifest.
175 silly tarball no local data for uri-js@https://registry.npmjs.org/uri-js/-/uri-js-4.4.1.tgz. Extracting by manifest.
176 silly tarball no local data for universalify@https://registry.npmjs.org/universalify/-/universalify-0.2.0.tgz. Extracting by manifest.
177 silly tarball no local data for unbox-primitive@https://registry.npmjs.org/unbox-primitive/-/unbox-primitive-1.1.0.tgz. Extracting by manifest.
178 silly tarball no local data for typed-array-length@https://registry.npmjs.org/typed-array-length/-/typed-array-length-1.0.7.tgz. Extracting by manifest.
179 silly tarball no local data for typed-array-byte-offset@https://registry.npmjs.org/typed-array-byte-offset/-/typed-array-byte-offset-1.0.4.tgz. Extracting by manifest.
180 silly tarball no local data for typed-array-byte-length@https://registry.npmjs.org/typed-array-byte-length/-/typed-array-byte-length-1.0.3.tgz. Extracting by manifest.
181 silly tarball no local data for typed-array-buffer@https://registry.npmjs.org/typed-array-buffer/-/typed-array-buffer-1.0.3.tgz. Extracting by manifest.
182 silly tarball no local data for tweetnacl@https://registry.npmjs.org/tweetnacl/-/tweetnacl-0.14.5.tgz. Extracting by manifest.
183 silly tarball no local data for tunnel-agent@https://registry.npmjs.org/tunnel-agent/-/tunnel-agent-0.6.0.tgz. Extracting by manifest.
184 silly tarball no local data for string.prototype.trimstart@https://registry.npmjs.org/string.prototype.trimstart/-/string.prototype.trimstart-1.0.8.tgz. Extracting by manifest.
185 silly tarball no local data for tough-cookie@https://registry.npmjs.org/tough-cookie/-/tough-cookie-5.1.1.tgz. Extracting by manifest.
186 silly tarball no local data for tldts@https://registry.npmjs.org/tldts/-/tldts-6.1.76.tgz. Extracting by manifest.
187 silly tarball no local data for tldts-core@https://registry.npmjs.org/tldts-core/-/tldts-core-6.1.76.tgz. Extracting by manifest.
188 silly tarball no local data for string.prototype.trimend@https://registry.npmjs.org/string.prototype.trimend/-/string.prototype.trimend-1.0.9.tgz. Extracting by manifest.
189 silly tarball no local data for stealthy-require@https://registry.npmjs.org/stealthy-require/-/stealthy-require-1.1.1.tgz. Extracting by manifest.
190 silly tarball no local data for string.prototype.trim@https://registry.npmjs.org/string.prototype.trim/-/string.prototype.trim-1.2.10.tgz. Extracting by manifest.
191 silly tarball no local data for side-channel-weakmap@https://registry.npmjs.org/side-channel-weakmap/-/side-channel-weakmap-1.0.2.tgz. Extracting by manifest.
192 silly tarball no local data for socks-proxy-agent@https://registry.npmjs.org/socks-proxy-agent/-/socks-proxy-agent-8.0.5.tgz. Extracting by manifest.
193 silly tarball no local data for side-channel-map@https://registry.npmjs.org/side-channel-map/-/side-channel-map-1.0.1.tgz. Extracting by manifest.
194 silly tarball no local data for sshpk@https://registry.npmjs.org/sshpk/-/sshpk-1.18.0.tgz. Extracting by manifest.
195 silly tarball no local data for side-channel-list@https://registry.npmjs.org/side-channel-list/-/side-channel-list-1.0.0.tgz. Extracting by manifest.
196 silly tarball no local data for set-proto@https://registry.npmjs.org/set-proto/-/set-proto-1.0.0.tgz. Extracting by manifest.
197 silly tarball no local data for side-channel@https://registry.npmjs.org/side-channel/-/side-channel-1.1.0.tgz. Extracting by manifest.
198 silly tarball no local data for set-function-name@https://registry.npmjs.org/set-function-name/-/set-function-name-2.0.2.tgz. Extracting by manifest.
199 silly tarball no local data for safer-buffer@https://registry.npmjs.org/safer-buffer/-/safer-buffer-2.1.2.tgz. Extracting by manifest.
200 silly tarball no local data for set-function-length@https://registry.npmjs.org/set-function-length/-/set-function-length-1.2.2.tgz. Extracting by manifest.
201 silly tarball no local data for safe-regex-test@https://registry.npmjs.org/safe-regex-test/-/safe-regex-test-1.1.0.tgz. Extracting by manifest.
202 silly tarball no local data for safe-push-apply@https://registry.npmjs.org/safe-push-apply/-/safe-push-apply-1.0.0.tgz. Extracting by manifest.
203 silly tarball no local data for requires-port@https://registry.npmjs.org/requires-port/-/requires-port-1.0.0.tgz. Extracting by manifest.
204 silly tarball no local data for safe-array-concat@https://registry.npmjs.org/safe-array-concat/-/safe-array-concat-1.1.3.tgz. Extracting by manifest.
205 silly tarball no local data for request@https://registry.npmjs.org/request/-/request-2.88.2.tgz. Extracting by manifest.
206 silly tarball no local data for request-promise-core@https://registry.npmjs.org/request-promise-core/-/request-promise-core-1.1.3.tgz. Extracting by manifest.
207 silly tarball no local data for regexp.prototype.flags@https://registry.npmjs.org/regexp.prototype.flags/-/regexp.prototype.flags-1.5.4.tgz. Extracting by manifest.
208 silly tarball no local data for querystringify@https://registry.npmjs.org/querystringify/-/querystringify-2.2.0.tgz. Extracting by manifest.
209 silly tarball no local data for qs@https://registry.npmjs.org/qs/-/qs-6.13.1.tgz. Extracting by manifest.
210 silly tarball no local data for reflect.getprototypeof@https://registry.npmjs.org/reflect.getprototypeof/-/reflect.getprototypeof-1.0.10.tgz. Extracting by manifest.
211 silly tarball no local data for punycode@https://registry.npmjs.org/punycode/-/punycode-2.3.1.tgz. Extracting by manifest.
212 silly tarball no local data for possible-typed-array-names@https://registry.npmjs.org/possible-typed-array-names/-/possible-typed-array-names-1.1.0.tgz. Extracting by manifest.
213 silly tarball no local data for performance-now@https://registry.npmjs.org/performance-now/-/performance-now-2.1.0.tgz. Extracting by manifest.
214 silly tarball no local data for psl@https://registry.npmjs.org/psl/-/psl-1.15.0.tgz. Extracting by manifest.
215 silly tarball no local data for object-keys@https://registry.npmjs.org/object-keys/-/object-keys-1.1.1.tgz. Extracting by manifest.
216 silly tarball no local data for own-keys@https://registry.npmjs.org/own-keys/-/own-keys-1.0.1.tgz. Extracting by manifest.
217 silly tarball no local data for object.assign@https://registry.npmjs.org/object.assign/-/object.assign-4.1.7.tgz. Extracting by manifest.
218 silly tarball no local data for object-inspect@https://registry.npmjs.org/object-inspect/-/object-inspect-1.13.4.tgz. Extracting by manifest.
219 silly tarball no local data for oauth-sign@https://registry.npmjs.org/oauth-sign/-/oauth-sign-0.9.0.tgz. Extracting by manifest.
220 silly tarball no local data for node-telegram-bot-api@https://registry.npmjs.org/node-telegram-bot-api/-/node-telegram-bot-api-0.66.0.tgz. Extracting by manifest.
221 silly tarball no local data for node-red-contrib-telegrambot@https://registry.npmjs.org/node-red-contrib-telegrambot/-/node-red-contrib-telegrambot-16.1.3.tgz. Extracting by manifest.
222 silly tarball no local data for math-intrinsics@https://registry.npmjs.org/math-intrinsics/-/math-intrinsics-1.1.0.tgz. Extracting by manifest.
223 silly tarball no local data for jsprim@https://registry.npmjs.org/jsprim/-/jsprim-2.0.2.tgz. Extracting by manifest.
224 silly tarball no local data for lodash@https://registry.npmjs.org/lodash/-/lodash-4.17.21.tgz. Extracting by manifest.
225 silly tarball no local data for json-schema@https://registry.npmjs.org/json-schema/-/json-schema-0.4.0.tgz. Extracting by manifest.
226 silly tarball no local data for json-stringify-safe@https://registry.npmjs.org/json-stringify-safe/-/json-stringify-safe-5.0.1.tgz. Extracting by manifest.
227 silly tarball no local data for isstream@https://registry.npmjs.org/isstream/-/isstream-0.1.2.tgz. Extracting by manifest.
228 silly tarball no local data for json-schema-traverse@https://registry.npmjs.org/json-schema-traverse/-/json-schema-traverse-0.4.1.tgz. Extracting by manifest.
229 silly tarball no local data for is-weakset@https://registry.npmjs.org/is-weakset/-/is-weakset-2.0.4.tgz. Extracting by manifest.
230 silly tarball no local data for is-weakmap@https://registry.npmjs.org/is-weakmap/-/is-weakmap-2.0.2.tgz. Extracting by manifest.
231 silly tarball no local data for is-shared-array-buffer@https://registry.npmjs.org/is-shared-array-buffer/-/is-shared-array-buffer-1.0.4.tgz. Extracting by manifest.
232 silly tarball no local data for is-weakref@https://registry.npmjs.org/is-weakref/-/is-weakref-1.1.1.tgz. Extracting by manifest.
233 silly tarball no local data for isarray@https://registry.npmjs.org/isarray/-/isarray-2.0.5.tgz. Extracting by manifest.
234 silly tarball no local data for which-builtin-type@https://registry.npmjs.org/which-builtin-type/-/which-builtin-type-1.2.1.tgz. Extracting by manifest.
235 silly tarball no local data for is-string@https://registry.npmjs.org/is-string/-/is-string-1.1.1.tgz. Extracting by manifest.
236 silly tarball no local data for is-typed-array@https://registry.npmjs.org/is-typed-array/-/is-typed-array-1.1.15.tgz. Extracting by manifest.
237 silly tarball no local data for is-symbol@https://registry.npmjs.org/is-symbol/-/is-symbol-1.1.1.tgz. Extracting by manifest.
238 silly tarball no local data for is-generator-function@https://registry.npmjs.org/is-generator-function/-/is-generator-function-1.1.0.tgz. Extracting by manifest.
239 silly tarball no local data for is-regex@https://registry.npmjs.org/is-regex/-/is-regex-1.2.1.tgz. Extracting by manifest.
240 silly tarball no local data for which-boxed-primitive@https://registry.npmjs.org/which-boxed-primitive/-/which-boxed-primitive-1.1.1.tgz. Extracting by manifest.
241 silly tarball no local data for verror@https://registry.npmjs.org/verror/-/verror-1.10.0.tgz. Extracting by manifest.
242 silly tarball no local data for is-data-view@https://registry.npmjs.org/is-data-view/-/is-data-view-1.0.2.tgz. Extracting by manifest.
243 silly tarball no local data for is-bigint@https://registry.npmjs.org/is-bigint/-/is-bigint-1.1.0.tgz. Extracting by manifest.
244 silly tarball no local data for is-finalizationregistry@https://registry.npmjs.org/is-finalizationregistry/-/is-finalizationregistry-1.1.1.tgz. Extracting by manifest.
245 silly tarball no local data for is-date-object@https://registry.npmjs.org/is-date-object/-/is-date-object-1.1.0.tgz. Extracting by manifest.
246 silly tarball no local data for is-async-function@https://registry.npmjs.org/is-async-function/-/is-async-function-2.1.1.tgz. Extracting by manifest.
247 silly tarball no local data for is-boolean-object@https://registry.npmjs.org/is-boolean-object/-/is-boolean-object-1.2.2.tgz. Extracting by manifest.
248 silly tarball no local data for is-array-buffer@https://registry.npmjs.org/is-array-buffer/-/is-array-buffer-3.0.5.tgz. Extracting by manifest.
249 silly tarball no local data for is-callable@https://registry.npmjs.org/is-callable/-/is-callable-1.2.7.tgz. Extracting by manifest.
250 silly tarball no local data for http-signature@https://registry.npmjs.org/http-signature/-/http-signature-1.4.0.tgz. Extracting by manifest.
251 silly tarball no local data for internal-slot@https://registry.npmjs.org/internal-slot/-/internal-slot-1.1.0.tgz. Extracting by manifest.
252 silly tarball no local data for hasown@https://registry.npmjs.org/hasown/-/hasown-2.0.2.tgz. Extracting by manifest.
253 silly tarball no local data for has-tostringtag@https://registry.npmjs.org/has-tostringtag/-/has-tostringtag-1.0.2.tgz. Extracting by manifest.
254 silly tarball no local data for has-symbols@https://registry.npmjs.org/has-symbols/-/has-symbols-1.1.0.tgz. Extracting by manifest.
255 silly tarball no local data for has-proto@https://registry.npmjs.org/has-proto/-/has-proto-1.2.0.tgz. Extracting by manifest.
256 silly tarball no local data for globalthis@https://registry.npmjs.org/globalthis/-/globalthis-1.0.4.tgz. Extracting by manifest.
257 silly tarball no local data for has-property-descriptors@https://registry.npmjs.org/has-property-descriptors/-/has-property-descriptors-1.0.2.tgz. Extracting by manifest.
258 silly tarball no local data for har-validator@https://registry.npmjs.org/har-validator/-/har-validator-5.1.5.tgz. Extracting by manifest.
259 silly tarball no local data for has-bigints@https://registry.npmjs.org/has-bigints/-/has-bigints-1.1.0.tgz. Extracting by manifest.
260 silly tarball no local data for har-schema@https://registry.npmjs.org/har-schema/-/har-schema-2.0.0.tgz. Extracting by manifest.
261 silly tarball no local data for gopd@https://registry.npmjs.org/gopd/-/gopd-1.2.0.tgz. Extracting by manifest.
262 silly tarball no local data for functions-have-names@https://registry.npmjs.org/functions-have-names/-/functions-have-names-1.2.3.tgz. Extracting by manifest.
263 silly tarball no local data for getpass@https://registry.npmjs.org/getpass/-/getpass-0.1.7.tgz. Extracting by manifest.
264 silly tarball no local data for get-symbol-description@https://registry.npmjs.org/get-symbol-description/-/get-symbol-description-1.1.0.tgz. Extracting by manifest.
265 silly tarball no local data for extend@https://registry.npmjs.org/extend/-/extend-3.0.2.tgz. Extracting by manifest.
266 silly tarball no local data for form-data@https://registry.npmjs.org/form-data/-/form-data-4.0.1.tgz. Extracting by manifest.
267 silly tarball no local data for function.prototype.name@https://registry.npmjs.org/function.prototype.name/-/function.prototype.name-1.1.8.tgz. Extracting by manifest.
268 silly tarball no local data for get-intrinsic@https://registry.npmjs.org/get-intrinsic/-/get-intrinsic-1.2.7.tgz. Extracting by manifest.
269 silly tarball no local data for get-proto@https://registry.npmjs.org/get-proto/-/get-proto-1.0.1.tgz. Extracting by manifest.
270 silly tarball no local data for function-bind@https://registry.npmjs.org/function-bind/-/function-bind-1.1.2.tgz. Extracting by manifest.
271 silly tarball no local data for file-type@https://registry.npmjs.org/file-type/-/file-type-3.9.0.tgz. Extracting by manifest.
272 silly tarball no local data for forever-agent@https://registry.npmjs.org/forever-agent/-/forever-agent-0.6.1.tgz. Extracting by manifest.
273 silly tarball no local data for for-each@https://registry.npmjs.org/for-each/-/for-each-0.3.4.tgz. Extracting by manifest.
274 silly tarball no local data for fast-deep-equal@https://registry.npmjs.org/fast-deep-equal/-/fast-deep-equal-3.1.3.tgz. Extracting by manifest.
275 silly tarball no local data for es-to-primitive@https://registry.npmjs.org/es-to-primitive/-/es-to-primitive-1.3.0.tgz. Extracting by manifest.
276 silly tarball no local data for fast-json-stable-stringify@https://registry.npmjs.org/fast-json-stable-stringify/-/fast-json-stable-stringify-2.1.0.tgz. Extracting by manifest.
277 silly tarball no local data for eventemitter3@https://registry.npmjs.org/eventemitter3/-/eventemitter3-3.1.2.tgz. Extracting by manifest.
278 silly tarball no local data for es-shim-unscopables@https://registry.npmjs.org/es-shim-unscopables/-/es-shim-unscopables-1.0.2.tgz. Extracting by manifest.
279 silly tarball no local data for extsprintf@https://registry.npmjs.org/extsprintf/-/extsprintf-1.3.0.tgz. Extracting by manifest.
280 silly tarball no local data for es-object-atoms@https://registry.npmjs.org/es-object-atoms/-/es-object-atoms-1.1.1.tgz. Extracting by manifest.
281 silly tarball no local data for es-errors@https://registry.npmjs.org/es-errors/-/es-errors-1.3.0.tgz. Extracting by manifest.
282 silly tarball no local data for es-abstract@https://registry.npmjs.org/es-abstract/-/es-abstract-1.23.9.tgz. Extracting by manifest.
283 silly tarball no local data for es-set-tostringtag@https://registry.npmjs.org/es-set-tostringtag/-/es-set-tostringtag-2.1.0.tgz. Extracting by manifest.
284 silly tarball no local data for es-define-property@https://registry.npmjs.org/es-define-property/-/es-define-property-1.0.1.tgz. Extracting by manifest.
285 silly tarball no local data for ecc-jsbn@https://registry.npmjs.org/ecc-jsbn/-/ecc-jsbn-0.1.2.tgz. Extracting by manifest.
286 silly tarball no local data for delayed-stream@https://registry.npmjs.org/delayed-stream/-/delayed-stream-1.0.0.tgz. Extracting by manifest.
287 silly tarball no local data for dunder-proto@https://registry.npmjs.org/dunder-proto/-/dunder-proto-1.0.1.tgz. Extracting by manifest.
288 silly tarball no local data for define-data-property@https://registry.npmjs.org/define-data-property/-/define-data-property-1.1.4.tgz. Extracting by manifest.
289 silly tarball no local data for data-view-byte-length@https://registry.npmjs.org/data-view-byte-length/-/data-view-byte-length-1.0.2.tgz. Extracting by manifest.
290 silly tarball no local data for define-properties@https://registry.npmjs.org/define-properties/-/define-properties-1.2.1.tgz. Extracting by manifest.
291 silly tarball no local data for data-view-buffer@https://registry.npmjs.org/data-view-buffer/-/data-view-buffer-1.0.2.tgz. Extracting by manifest.
292 silly tarball no local data for data-view-byte-offset@https://registry.npmjs.org/data-view-byte-offset/-/data-view-byte-offset-1.0.1.tgz. Extracting by manifest.
293 silly tarball no local data for dashdash@https://registry.npmjs.org/dashdash/-/dashdash-1.14.1.tgz. Extracting by manifest.
294 silly tarball no local data for core-util-is@https://registry.npmjs.org/core-util-is/-/core-util-is-1.0.2.tgz. Extracting by manifest.
295 silly tarball no local data for caseless@https://registry.npmjs.org/caseless/-/caseless-0.12.0.tgz. Extracting by manifest.
296 silly tarball no local data for call-bind-apply-helpers@https://registry.npmjs.org/call-bind-apply-helpers/-/call-bind-apply-helpers-1.0.1.tgz. Extracting by manifest.
297 silly tarball no local data for combined-stream@https://registry.npmjs.org/combined-stream/-/combined-stream-1.0.8.tgz. Extracting by manifest.
298 silly tarball no local data for call-bound@https://registry.npmjs.org/call-bound/-/call-bound-1.0.3.tgz. Extracting by manifest.
299 silly tarball no local data for is-set@https://registry.npmjs.org/is-set/-/is-set-2.0.3.tgz. Extracting by manifest.
300 silly tarball no local data for aws4@https://registry.npmjs.org/aws4/-/aws4-1.13.2.tgz. Extracting by manifest.
301 silly tarball no local data for is-map@https://registry.npmjs.org/is-map/-/is-map-2.0.3.tgz. Extracting by manifest.
302 silly tarball no local data for bcrypt-pbkdf@https://registry.npmjs.org/bcrypt-pbkdf/-/bcrypt-pbkdf-1.0.2.tgz. Extracting by manifest.
303 silly tarball no local data for aws-sign2@https://registry.npmjs.org/aws-sign2/-/aws-sign2-0.7.0.tgz. Extracting by manifest.
304 silly tarball no local data for is-number-object@https://registry.npmjs.org/is-number-object/-/is-number-object-1.1.1.tgz. Extracting by manifest.
305 silly tarball no local data for available-typed-arrays@https://registry.npmjs.org/available-typed-arrays/-/available-typed-arrays-1.0.7.tgz. Extracting by manifest.
306 silly tarball no local data for async-function@https://registry.npmjs.org/async-function/-/async-function-1.0.0.tgz. Extracting by manifest.
307 silly tarball no local data for assert-plus@https://registry.npmjs.org/assert-plus/-/assert-plus-1.0.0.tgz. Extracting by manifest.
308 silly tarball no local data for arraybuffer.prototype.slice@https://registry.npmjs.org/arraybuffer.prototype.slice/-/arraybuffer.prototype.slice-1.0.4.tgz. Extracting by manifest.
309 silly tarball no local data for asn1@https://registry.npmjs.org/asn1/-/asn1-0.2.6.tgz. Extracting by manifest.
310 silly tarball no local data for array-buffer-byte-length@https://registry.npmjs.org/array-buffer-byte-length/-/array-buffer-byte-length-1.0.2.tgz. Extracting by manifest.
311 silly tarball no local data for array.prototype.findindex@https://registry.npmjs.org/array.prototype.findindex/-/array.prototype.findindex-2.2.4.tgz. Extracting by manifest.
312 silly tarball no local data for ajv@https://registry.npmjs.org/ajv/-/ajv-6.12.6.tgz. Extracting by manifest.
313 silly tarball no local data for agent-base@https://registry.npmjs.org/agent-base/-/agent-base-7.1.3.tgz. Extracting by manifest.
314 silly tarball no local data for call-bind@https://registry.npmjs.org/call-bind/-/call-bind-1.0.8.tgz. Extracting by manifest.
315 silly tarball no local data for bluebird@https://registry.npmjs.org/bluebird/-/bluebird-3.7.2.tgz. Extracting by manifest.
316 silly tarball no local data for tough-cookie@https://registry.npmjs.org/tough-cookie/-/tough-cookie-4.1.4.tgz. Extracting by manifest.
317 silly tarball no local data for jsbn@https://registry.npmjs.org/jsbn/-/jsbn-0.1.1.tgz. Extracting by manifest.
318 silly tarball no local data for jsprim@https://registry.npmjs.org/jsprim/-/jsprim-1.4.2.tgz. Extracting by manifest.
319 silly tarball no local data for form-data@https://registry.npmjs.org/form-data/-/form-data-2.3.3.tgz. Extracting by manifest.
320 silly tarball no local data for asynckit@https://registry.npmjs.org/asynckit/-/asynckit-0.4.0.tgz. Extracting by manifest.
321 silly tarball no local data for qs@https://registry.npmjs.org/qs/-/qs-6.5.3.tgz. Extracting by manifest.
322 silly tarball no local data for uuid@https://registry.npmjs.org/uuid/-/uuid-3.4.0.tgz. Extracting by manifest.
323 silly tarball no local data for tough-cookie@https://registry.npmjs.org/tough-cookie/-/tough-cookie-2.5.0.tgz. Extracting by manifest.
324 silly tarball no local data for readable-stream@https://registry.npmjs.org/readable-stream/-/readable-stream-2.3.8.tgz. Extracting by manifest.
325 silly tarball no local data for pump@https://registry.npmjs.org/pump/-/pump-2.0.1.tgz. Extracting by manifest.
326 silly tarball no local data for http-signature@https://registry.npmjs.org/http-signature/-/http-signature-1.2.0.tgz. Extracting by manifest.
327 silly tarball no local data for debug@https://registry.npmjs.org/debug/-/debug-3.2.7.tgz. Extracting by manifest.
328 silly tarball no local data for safe-buffer@https://registry.npmjs.org/safe-buffer/-/safe-buffer-5.1.2.tgz. Extracting by manifest.
329 silly tarball no local data for bl@https://registry.npmjs.org/bl/-/bl-1.2.3.tgz. Extracting by manifest.
330 silly tarball no local data for isarray@https://registry.npmjs.org/isarray/-/isarray-1.0.0.tgz. Extracting by manifest.
331 silly tarball no local data for jsbn@https://registry.npmjs.org/jsbn/-/jsbn-0.1.1.tgz. Extracting by manifest.
332 silly tarball no local data for string_decoder@https://registry.npmjs.org/string_decoder/-/string_decoder-1.1.1.tgz. Extracting by manifest.
333 http fetch GET 200 https://registry.npmjs.org/universalify/-/universalify-0.2.0.tgz 354ms (cache miss)
334 http fetch GET 200 https://registry.npmjs.org/tunnel-agent/-/tunnel-agent-0.6.0.tgz 353ms (cache miss)
335 http fetch GET 200 https://registry.npmjs.org/which-collection/-/which-collection-1.0.2.tgz 370ms (cache miss)
336 http fetch GET 200 https://registry.npmjs.org/tweetnacl/-/tweetnacl-0.14.5.tgz 366ms (cache miss)
337 http fetch GET 200 https://registry.npmjs.org/which-typed-array/-/which-typed-array-1.1.18.tgz 375ms (cache miss)
338 http fetch GET 200 https://registry.npmjs.org/uuid/-/uuid-8.3.2.tgz 374ms (cache miss)
339 http fetch GET 200 https://registry.npmjs.org/typed-array-byte-offset/-/typed-array-byte-offset-1.0.4.tgz 374ms (cache miss)
340 http fetch GET 200 https://registry.npmjs.org/url-parse/-/url-parse-1.5.10.tgz 383ms (cache miss)
341 http fetch GET 200 https://registry.npmjs.org/typed-array-byte-length/-/typed-array-byte-length-1.0.3.tgz 383ms (cache miss)
342 http fetch GET 200 https://registry.npmjs.org/unbox-primitive/-/unbox-primitive-1.1.0.tgz 385ms (cache miss)
343 http fetch GET 200 https://registry.npmjs.org/typed-array-buffer/-/typed-array-buffer-1.0.3.tgz 398ms (cache miss)
344 http fetch GET 200 https://registry.npmjs.org/typed-array-length/-/typed-array-length-1.0.7.tgz 401ms (cache miss)
345 http fetch GET 200 https://registry.npmjs.org/stealthy-require/-/stealthy-require-1.1.1.tgz 421ms (cache miss)
346 http fetch GET 200 https://registry.npmjs.org/string.prototype.trim/-/string.prototype.trim-1.2.10.tgz 436ms (cache miss)
347 http fetch GET 200 https://registry.npmjs.org/string.prototype.trimstart/-/string.prototype.trimstart-1.0.8.tgz 440ms (cache miss)
348 http fetch GET 200 https://registry.npmjs.org/@cypress/request/-/request-3.0.7.tgz 449ms (cache miss)
349 http fetch GET 200 https://registry.npmjs.org/uri-js/-/uri-js-4.4.1.tgz 452ms (cache miss)
350 http fetch GET 200 https://registry.npmjs.org/tough-cookie/-/tough-cookie-5.1.1.tgz 461ms (cache miss)
351 http fetch GET 200 https://registry.npmjs.org/side-channel-weakmap/-/side-channel-weakmap-1.0.2.tgz 510ms (cache miss)
352 http fetch GET 200 https://registry.npmjs.org/side-channel-map/-/side-channel-map-1.0.1.tgz 510ms (cache miss)
353 http fetch GET 200 https://registry.npmjs.org/socks-proxy-agent/-/socks-proxy-agent-8.0.5.tgz 513ms (cache miss)
354 http fetch GET 200 https://registry.npmjs.org/string.prototype.trimend/-/string.prototype.trimend-1.0.9.tgz 519ms (cache miss)
355 http fetch GET 200 https://registry.npmjs.org/side-channel-list/-/side-channel-list-1.0.0.tgz 516ms (cache miss)
356 http fetch GET 200 https://registry.npmjs.org/set-proto/-/set-proto-1.0.0.tgz 519ms (cache miss)
357 http fetch GET 200 https://registry.npmjs.org/safer-buffer/-/safer-buffer-2.1.2.tgz 543ms (cache miss)
358 http fetch GET 200 https://registry.npmjs.org/set-function-name/-/set-function-name-2.0.2.tgz 545ms (cache miss)
359 http fetch GET 200 https://registry.npmjs.org/side-channel/-/side-channel-1.1.0.tgz 547ms (cache miss)
360 http fetch GET 200 https://registry.npmjs.org/tldts-core/-/tldts-core-6.1.76.tgz 553ms (cache miss)
361 http fetch GET 200 https://registry.npmjs.org/set-function-length/-/set-function-length-1.2.2.tgz 549ms (cache miss)
362 http fetch GET 200 https://registry.npmjs.org/safe-regex-test/-/safe-regex-test-1.1.0.tgz 555ms (cache miss)
363 http fetch GET 200 https://registry.npmjs.org/sshpk/-/sshpk-1.18.0.tgz 567ms (cache miss)
364 http fetch GET 200 https://registry.npmjs.org/safe-push-apply/-/safe-push-apply-1.0.0.tgz 618ms (cache miss)
365 http fetch GET 200 https://registry.npmjs.org/requires-port/-/requires-port-1.0.0.tgz 620ms (cache miss)
366 http fetch GET 200 https://registry.npmjs.org/request-promise-core/-/request-promise-core-1.1.3.tgz 622ms (cache miss)
367 http fetch GET 200 https://registry.npmjs.org/safe-array-concat/-/safe-array-concat-1.1.3.tgz 622ms (cache miss)
368 http fetch GET 200 https://registry.npmjs.org/regexp.prototype.flags/-/regexp.prototype.flags-1.5.4.tgz 625ms (cache miss)
369 http fetch GET 200 https://registry.npmjs.org/querystringify/-/querystringify-2.2.0.tgz 651ms (cache miss)
370 http fetch GET 200 https://registry.npmjs.org/possible-typed-array-names/-/possible-typed-array-names-1.1.0.tgz 653ms (cache miss)
371 http fetch GET 200 https://registry.npmjs.org/reflect.getprototypeof/-/reflect.getprototypeof-1.0.10.tgz 654ms (cache miss)
372 http fetch GET 200 https://registry.npmjs.org/request/-/request-2.88.2.tgz 664ms (cache miss)
373 warn deprecated request@2.88.2: request has been deprecated, see https://github.com/request/request/issues/3142
374 http fetch GET 200 https://registry.npmjs.org/punycode/-/punycode-2.3.1.tgz 667ms (cache miss)
375 http fetch GET 200 https://registry.npmjs.org/qs/-/qs-6.13.1.tgz 673ms (cache miss)
376 http fetch GET 200 https://registry.npmjs.org/performance-now/-/performance-now-2.1.0.tgz 688ms (cache miss)
377 http fetch GET 200 https://registry.npmjs.org/tldts/-/tldts-6.1.76.tgz 758ms (cache miss)
378 http fetch GET 200 https://registry.npmjs.org/psl/-/psl-1.15.0.tgz 756ms (cache miss)
379 http fetch GET 200 https://registry.npmjs.org/object-keys/-/object-keys-1.1.1.tgz 790ms (cache miss)
380 http fetch GET 200 https://registry.npmjs.org/own-keys/-/own-keys-1.0.1.tgz 797ms (cache miss)
381 http fetch GET 200 https://registry.npmjs.org/oauth-sign/-/oauth-sign-0.9.0.tgz 796ms (cache miss)
382 http fetch GET 200 https://registry.npmjs.org/object.assign/-/object.assign-4.1.7.tgz 803ms (cache miss)
383 http fetch GET 200 https://registry.npmjs.org/jsprim/-/jsprim-2.0.2.tgz 835ms (cache miss)
384 http fetch GET 200 https://registry.npmjs.org/object-inspect/-/object-inspect-1.13.4.tgz 839ms (cache miss)
385 http fetch GET 200 https://registry.npmjs.org/math-intrinsics/-/math-intrinsics-1.1.0.tgz 861ms (cache miss)
386 http fetch GET 200 https://registry.npmjs.org/json-schema/-/json-schema-0.4.0.tgz 865ms (cache miss)
387 http fetch GET 200 https://registry.npmjs.org/json-stringify-safe/-/json-stringify-safe-5.0.1.tgz 865ms (cache miss)
388 http fetch GET 200 https://registry.npmjs.org/json-schema-traverse/-/json-schema-traverse-0.4.1.tgz 874ms (cache miss)
389 http fetch GET 200 https://registry.npmjs.org/node-telegram-bot-api/-/node-telegram-bot-api-0.66.0.tgz 890ms (cache miss)
390 http fetch GET 200 https://registry.npmjs.org/@cypress/request-promise/-/request-promise-5.0.0.tgz 925ms (cache miss)
391 http fetch GET 200 https://registry.npmjs.org/isstream/-/isstream-0.1.2.tgz 923ms (cache miss)
392 http fetch GET 200 https://registry.npmjs.org/is-weakmap/-/is-weakmap-2.0.2.tgz 958ms (cache miss)
393 http fetch GET 200 https://registry.npmjs.org/is-shared-array-buffer/-/is-shared-array-buffer-1.0.4.tgz 960ms (cache miss)
394 http fetch GET 200 https://registry.npmjs.org/isarray/-/isarray-2.0.5.tgz 959ms (cache miss)
395 http fetch GET 200 https://registry.npmjs.org/is-weakset/-/is-weakset-2.0.4.tgz 962ms (cache miss)
396 http fetch GET 200 https://registry.npmjs.org/is-weakref/-/is-weakref-1.1.1.tgz 964ms (cache miss)
397 http fetch GET 200 https://registry.npmjs.org/which-builtin-type/-/which-builtin-type-1.2.1.tgz 979ms (cache miss)
398 http fetch GET 200 https://registry.npmjs.org/is-string/-/is-string-1.1.1.tgz 980ms (cache miss)
399 http fetch GET 200 https://registry.npmjs.org/is-typed-array/-/is-typed-array-1.1.15.tgz 1125ms (cache miss)
400 http fetch GET 200 https://registry.npmjs.org/is-symbol/-/is-symbol-1.1.1.tgz 1141ms (cache miss)
401 http fetch GET 200 https://registry.npmjs.org/is-regex/-/is-regex-1.2.1.tgz 1185ms (cache miss)
402 http fetch GET 200 https://registry.npmjs.org/is-generator-function/-/is-generator-function-1.1.0.tgz 1189ms (cache miss)
403 http fetch GET 200 https://registry.npmjs.org/which-boxed-primitive/-/which-boxed-primitive-1.1.1.tgz 1190ms (cache miss)
404 http fetch GET 200 https://registry.npmjs.org/is-data-view/-/is-data-view-1.0.2.tgz 1249ms (cache miss)
405 http fetch GET 200 https://registry.npmjs.org/is-bigint/-/is-bigint-1.1.0.tgz 1251ms (cache miss)
406 http fetch GET 200 https://registry.npmjs.org/is-finalizationregistry/-/is-finalizationregistry-1.1.1.tgz 1251ms (cache miss)
407 http fetch GET 200 https://registry.npmjs.org/verror/-/verror-1.10.0.tgz 1258ms (cache miss)
408 http fetch GET 200 https://registry.npmjs.org/is-array-buffer/-/is-array-buffer-3.0.5.tgz 1259ms (cache miss)
409 http fetch GET 200 https://registry.npmjs.org/is-boolean-object/-/is-boolean-object-1.2.2.tgz 1261ms (cache miss)
410 http fetch GET 200 https://registry.npmjs.org/is-date-object/-/is-date-object-1.1.0.tgz 1271ms (cache miss)
411 http fetch GET 200 https://registry.npmjs.org/is-async-function/-/is-async-function-2.1.1.tgz 1272ms (cache miss)
412 http fetch GET 200 https://registry.npmjs.org/http-signature/-/http-signature-1.4.0.tgz 1279ms (cache miss)
413 http fetch GET 200 https://registry.npmjs.org/hasown/-/hasown-2.0.2.tgz 1296ms (cache miss)
414 http fetch GET 200 https://registry.npmjs.org/internal-slot/-/internal-slot-1.1.0.tgz 1309ms (cache miss)
415 http fetch GET 200 https://registry.npmjs.org/is-callable/-/is-callable-1.2.7.tgz 1315ms (cache miss)
416 http fetch GET 200 https://registry.npmjs.org/has-tostringtag/-/has-tostringtag-1.0.2.tgz 1319ms (cache miss)
417 http fetch GET 200 https://registry.npmjs.org/has-symbols/-/has-symbols-1.1.0.tgz 1360ms (cache miss)
418 http fetch GET 200 https://registry.npmjs.org/has-property-descriptors/-/has-property-descriptors-1.0.2.tgz 1360ms (cache miss)
419 http fetch GET 200 https://registry.npmjs.org/has-proto/-/has-proto-1.2.0.tgz 1364ms (cache miss)
420 http fetch GET 200 https://registry.npmjs.org/globalthis/-/globalthis-1.0.4.tgz 1365ms (cache miss)
421 http fetch GET 200 https://registry.npmjs.org/has-bigints/-/has-bigints-1.1.0.tgz 1420ms (cache miss)
422 http fetch GET 200 https://registry.npmjs.org/functions-have-names/-/functions-have-names-1.2.3.tgz 1429ms (cache miss)
423 http fetch GET 200 https://registry.npmjs.org/har-validator/-/har-validator-5.1.5.tgz 1437ms (cache miss)
424 warn deprecated har-validator@5.1.5: this library is no longer supported
425 http fetch GET 200 https://registry.npmjs.org/gopd/-/gopd-1.2.0.tgz 1436ms (cache miss)
426 http fetch GET 200 https://registry.npmjs.org/extend/-/extend-3.0.2.tgz 1439ms (cache miss)
427 http fetch GET 200 https://registry.npmjs.org/get-symbol-description/-/get-symbol-description-1.1.0.tgz 1442ms (cache miss)
428 http fetch GET 200 https://registry.npmjs.org/form-data/-/form-data-4.0.1.tgz 1445ms (cache miss)
429 http fetch GET 200 https://registry.npmjs.org/getpass/-/getpass-0.1.7.tgz 1453ms (cache miss)
430 http fetch GET 200 https://registry.npmjs.org/har-schema/-/har-schema-2.0.0.tgz 1457ms (cache miss)
431 http fetch GET 200 https://registry.npmjs.org/function.prototype.name/-/function.prototype.name-1.1.8.tgz 1455ms (cache miss)
432 http fetch GET 200 https://registry.npmjs.org/lodash/-/lodash-4.17.21.tgz 1517ms (cache miss)
433 http fetch GET 200 https://registry.npmjs.org/get-proto/-/get-proto-1.0.1.tgz 1565ms (cache miss)
434 http fetch GET 200 https://registry.npmjs.org/file-type/-/file-type-3.9.0.tgz 1565ms (cache miss)
435 http fetch GET 200 https://registry.npmjs.org/get-intrinsic/-/get-intrinsic-1.2.7.tgz 1567ms (cache miss)
436 http fetch GET 200 https://registry.npmjs.org/fast-deep-equal/-/fast-deep-equal-3.1.3.tgz 1627ms (cache miss)
437 http fetch GET 200 https://registry.npmjs.org/for-each/-/for-each-0.3.4.tgz 1649ms (cache miss)
438 http fetch GET 200 https://registry.npmjs.org/function-bind/-/function-bind-1.1.2.tgz 1650ms (cache miss)
439 http fetch GET 200 https://registry.npmjs.org/fast-json-stable-stringify/-/fast-json-stable-stringify-2.1.0.tgz 1649ms (cache miss)
440 http fetch GET 200 https://registry.npmjs.org/eventemitter3/-/eventemitter3-3.1.2.tgz 1649ms (cache miss)
441 http fetch GET 200 https://registry.npmjs.org/extsprintf/-/extsprintf-1.3.0.tgz 1649ms (cache miss)
442 http fetch GET 200 https://registry.npmjs.org/es-shim-unscopables/-/es-shim-unscopables-1.0.2.tgz 1649ms (cache miss)
443 http fetch GET 200 https://registry.npmjs.org/forever-agent/-/forever-agent-0.6.1.tgz 1653ms (cache miss)
444 http fetch GET 200 https://registry.npmjs.org/es-object-atoms/-/es-object-atoms-1.1.1.tgz 1651ms (cache miss)
445 http fetch GET 200 https://registry.npmjs.org/es-to-primitive/-/es-to-primitive-1.3.0.tgz 1657ms (cache miss)
446 http fetch GET 200 https://registry.npmjs.org/es-define-property/-/es-define-property-1.0.1.tgz 1910ms (cache miss)
447 http fetch GET 200 https://registry.npmjs.org/es-set-tostringtag/-/es-set-tostringtag-2.1.0.tgz 1911ms (cache miss)
448 http fetch GET 200 https://registry.npmjs.org/es-errors/-/es-errors-1.3.0.tgz 1919ms (cache miss)
449 http fetch GET 200 https://registry.npmjs.org/data-view-buffer/-/data-view-buffer-1.0.2.tgz 2023ms (cache miss)
450 http fetch GET 200 https://registry.npmjs.org/delayed-stream/-/delayed-stream-1.0.0.tgz 2026ms (cache miss)
451 http fetch GET 200 https://registry.npmjs.org/define-properties/-/define-properties-1.2.1.tgz 2025ms (cache miss)
452 http fetch GET 200 https://registry.npmjs.org/ecc-jsbn/-/ecc-jsbn-0.1.2.tgz 2028ms (cache miss)
453 http fetch GET 200 https://registry.npmjs.org/define-data-property/-/define-data-property-1.1.4.tgz 2032ms (cache miss)
454 http fetch GET 200 https://registry.npmjs.org/data-view-byte-length/-/data-view-byte-length-1.0.2.tgz 2033ms (cache miss)
455 http fetch GET 200 https://registry.npmjs.org/dashdash/-/dashdash-1.14.1.tgz 2031ms (cache miss)
456 http fetch GET 200 https://registry.npmjs.org/core-util-is/-/core-util-is-1.0.2.tgz 2035ms (cache miss)
457 http fetch GET 200 https://registry.npmjs.org/data-view-byte-offset/-/data-view-byte-offset-1.0.1.tgz 2038ms (cache miss)
458 http fetch GET 200 https://registry.npmjs.org/dunder-proto/-/dunder-proto-1.0.1.tgz 2044ms (cache miss)
459 http fetch GET 200 https://registry.npmjs.org/combined-stream/-/combined-stream-1.0.8.tgz 2065ms (cache miss)
460 http fetch GET 200 https://registry.npmjs.org/caseless/-/caseless-0.12.0.tgz 2067ms (cache miss)
461 http fetch GET 200 https://registry.npmjs.org/call-bind-apply-helpers/-/call-bind-apply-helpers-1.0.1.tgz 2073ms (cache miss)
462 http fetch GET 200 https://registry.npmjs.org/call-bound/-/call-bound-1.0.3.tgz 2142ms (cache miss)
463 http fetch GET 200 https://registry.npmjs.org/bcrypt-pbkdf/-/bcrypt-pbkdf-1.0.2.tgz 2154ms (cache miss)
464 http fetch GET 200 https://registry.npmjs.org/is-map/-/is-map-2.0.3.tgz 2155ms (cache miss)
465 http fetch GET 200 https://registry.npmjs.org/aws4/-/aws4-1.13.2.tgz 2159ms (cache miss)
466 http fetch GET 200 https://registry.npmjs.org/aws-sign2/-/aws-sign2-0.7.0.tgz 2162ms (cache miss)
467 http fetch GET 200 https://registry.npmjs.org/is-set/-/is-set-2.0.3.tgz 2164ms (cache miss)
468 http fetch GET 200 https://registry.npmjs.org/is-number-object/-/is-number-object-1.1.1.tgz 2174ms (cache miss)
469 http fetch GET 200 https://registry.npmjs.org/available-typed-arrays/-/available-typed-arrays-1.0.7.tgz 2175ms (cache miss)
470 http fetch GET 200 https://registry.npmjs.org/assert-plus/-/assert-plus-1.0.0.tgz 2179ms (cache miss)
471 http fetch GET 200 https://registry.npmjs.org/asn1/-/asn1-0.2.6.tgz 2179ms (cache miss)
472 http fetch GET 200 https://registry.npmjs.org/async-function/-/async-function-1.0.0.tgz 2181ms (cache miss)
473 http fetch GET 200 https://registry.npmjs.org/arraybuffer.prototype.slice/-/arraybuffer.prototype.slice-1.0.4.tgz 2236ms (cache miss)
474 http fetch GET 200 https://registry.npmjs.org/array.prototype.findindex/-/array.prototype.findindex-2.2.4.tgz 2237ms (cache miss)
475 http fetch GET 200 https://registry.npmjs.org/tough-cookie/-/tough-cookie-4.1.4.tgz 2280ms (cache miss)
476 http fetch GET 200 https://registry.npmjs.org/call-bind/-/call-bind-1.0.8.tgz 2288ms (cache miss)
477 http fetch GET 200 https://registry.npmjs.org/array-buffer-byte-length/-/array-buffer-byte-length-1.0.2.tgz 2342ms (cache miss)
478 http fetch GET 200 https://registry.npmjs.org/agent-base/-/agent-base-7.1.3.tgz 2344ms (cache miss)
479 http fetch GET 200 https://registry.npmjs.org/jsbn/-/jsbn-0.1.1.tgz 2342ms (cache miss)
480 http fetch GET 200 https://registry.npmjs.org/jsprim/-/jsprim-1.4.2.tgz 2354ms (cache miss)
481 http fetch GET 200 https://registry.npmjs.org/bluebird/-/bluebird-3.7.2.tgz 2371ms (cache miss)
482 http fetch GET 200 https://registry.npmjs.org/tough-cookie/-/tough-cookie-2.5.0.tgz 2378ms (cache miss)
483 http fetch GET 200 https://registry.npmjs.org/form-data/-/form-data-2.3.3.tgz 2384ms (cache miss)
484 http fetch GET 200 https://registry.npmjs.org/ajv/-/ajv-6.12.6.tgz 2392ms (cache miss)
485 http fetch GET 200 https://registry.npmjs.org/asynckit/-/asynckit-0.4.0.tgz 2391ms (cache miss)
486 http fetch GET 200 https://registry.npmjs.org/pump/-/pump-2.0.1.tgz 2397ms (cache miss)
487 http fetch GET 200 https://registry.npmjs.org/uuid/-/uuid-3.4.0.tgz 2399ms (cache miss)
488 warn deprecated uuid@3.4.0: Please upgrade  to version 7 or higher.  Older versions may use Math.random() in certain circumstances, which is known to be problematic.  See https://v8.dev/blog/math-random for details.
489 http fetch GET 200 https://registry.npmjs.org/http-signature/-/http-signature-1.2.0.tgz 2409ms (cache miss)
490 http fetch GET 200 https://registry.npmjs.org/debug/-/debug-3.2.7.tgz 2413ms (cache miss)
491 http fetch GET 200 https://registry.npmjs.org/qs/-/qs-6.5.3.tgz 2421ms (cache miss)
492 http fetch GET 200 https://registry.npmjs.org/safe-buffer/-/safe-buffer-5.1.2.tgz 2421ms (cache miss)
493 http fetch GET 200 https://registry.npmjs.org/readable-stream/-/readable-stream-2.3.8.tgz 2424ms (cache miss)
494 http fetch GET 200 https://registry.npmjs.org/jsbn/-/jsbn-0.1.1.tgz 2429ms (cache miss)
495 http fetch GET 200 https://registry.npmjs.org/isarray/-/isarray-1.0.0.tgz 2451ms (cache miss)
496 http fetch GET 200 https://registry.npmjs.org/node-red-contrib-telegrambot/-/node-red-contrib-telegrambot-16.1.3.tgz 2510ms (cache miss)
497 http fetch GET 200 https://registry.npmjs.org/bl/-/bl-1.2.3.tgz 2455ms (cache miss)
498 http fetch GET 200 https://registry.npmjs.org/string_decoder/-/string_decoder-1.1.1.tgz 2454ms (cache miss)
499 http fetch GET 200 https://registry.npmjs.org/es-abstract/-/es-abstract-1.23.9.tgz 2605ms (cache miss)
500 silly CHANGE node_modules/@cypress/request-promise
501 silly CHANGE node_modules/@cypress/request-promise/node_modules/tough-cookie
502 silly CHANGE node_modules/@cypress/request
503 silly CHANGE node_modules/which-typed-array
504 silly CHANGE node_modules/which-collection
505 silly CHANGE node_modules/which-builtin-type
506 silly CHANGE node_modules/uuid
507 silly CHANGE node_modules/which-boxed-primitive
508 silly CHANGE node_modules/verror
509 silly CHANGE node_modules/url-parse
510 silly CHANGE node_modules/uri-js
511 silly CHANGE node_modules/universalify
512 silly CHANGE node_modules/unbox-primitive
513 silly CHANGE node_modules/typed-array-length
514 silly CHANGE node_modules/typed-array-byte-offset
515 silly CHANGE node_modules/typed-array-buffer
516 silly CHANGE node_modules/typed-array-byte-length
517 silly CHANGE node_modules/tweetnacl
518 silly CHANGE node_modules/tunnel-agent
519 silly CHANGE node_modules/tough-cookie
520 silly CHANGE node_modules/string.prototype.trimstart
521 silly CHANGE node_modules/tldts-core
522 silly CHANGE node_modules/tldts
523 silly CHANGE node_modules/string.prototype.trimend
524 silly CHANGE node_modules/stealthy-require
525 silly CHANGE node_modules/string.prototype.trim
526 silly CHANGE node_modules/sshpk
527 silly CHANGE node_modules/sshpk/node_modules/jsbn
528 silly CHANGE node_modules/side-channel-weakmap
529 silly CHANGE node_modules/socks-proxy-agent
530 silly CHANGE node_modules/socks-proxy-agent/node_modules/debug
531 silly CHANGE node_modules/socks-proxy-agent/node_modules/ms
532 silly CHANGE node_modules/side-channel-map
533 silly CHANGE node_modules/side-channel-list
534 silly CHANGE node_modules/side-channel
535 silly CHANGE node_modules/set-proto
536 silly CHANGE node_modules/set-function-name
537 silly CHANGE node_modules/safer-buffer
538 silly CHANGE node_modules/set-function-length
539 silly CHANGE node_modules/safe-regex-test
540 silly CHANGE node_modules/safe-push-apply
541 silly CHANGE node_modules/requires-port
542 silly CHANGE node_modules/safe-array-concat
543 silly CHANGE node_modules/request-promise-core
544 silly CHANGE node_modules/request
545 silly CHANGE node_modules/request/node_modules/tough-cookie
546 silly CHANGE node_modules/request/node_modules/uuid
547 silly CHANGE node_modules/request/node_modules/qs
548 silly CHANGE node_modules/request/node_modules/http-signature
549 silly CHANGE node_modules/request/node_modules/jsprim
550 silly CHANGE node_modules/request/node_modules/form-data
551 silly CHANGE node_modules/regexp.prototype.flags
552 silly CHANGE node_modules/qs
553 silly CHANGE node_modules/reflect.getprototypeof
554 silly CHANGE node_modules/querystringify
555 silly CHANGE node_modules/punycode
556 silly CHANGE node_modules/psl
557 silly CHANGE node_modules/possible-typed-array-names
558 silly CHANGE node_modules/performance-now
559 silly CHANGE node_modules/own-keys
560 silly CHANGE node_modules/object.assign
561 silly CHANGE node_modules/object-keys
562 silly CHANGE node_modules/object-inspect
563 silly CHANGE node_modules/oauth-sign
564 silly CHANGE node_modules/node-red-contrib-telegrambot
565 silly CHANGE node_modules/node-telegram-bot-api
566 silly CHANGE node_modules/node-telegram-bot-api/node_modules/readable-stream
567 silly CHANGE node_modules/node-telegram-bot-api/node_modules/string_decoder
568 silly CHANGE node_modules/node-telegram-bot-api/node_modules/safe-buffer
569 silly CHANGE node_modules/node-telegram-bot-api/node_modules/pump
570 silly CHANGE node_modules/node-telegram-bot-api/node_modules/ms
571 silly CHANGE node_modules/node-telegram-bot-api/node_modules/debug
572 silly CHANGE node_modules/node-telegram-bot-api/node_modules/bl
573 silly CHANGE node_modules/node-telegram-bot-api/node_modules/isarray
574 silly CHANGE node_modules/math-intrinsics
575 silly CHANGE node_modules/lodash
576 silly CHANGE node_modules/jsprim
577 silly CHANGE node_modules/json-schema
578 silly CHANGE node_modules/isstream
579 silly CHANGE node_modules/json-stringify-safe
580 silly CHANGE node_modules/json-schema-traverse
581 silly CHANGE node_modules/isarray
582 silly CHANGE node_modules/is-weakset
583 silly CHANGE node_modules/is-weakref
584 silly CHANGE node_modules/is-weakmap
585 silly CHANGE node_modules/is-typed-array
586 silly CHANGE node_modules/is-string
587 silly CHANGE node_modules/is-symbol
588 silly CHANGE node_modules/is-shared-array-buffer
589 silly CHANGE node_modules/is-set
590 silly CHANGE node_modules/is-regex
591 silly CHANGE node_modules/is-number-object
592 silly CHANGE node_modules/is-map
593 silly CHANGE node_modules/is-generator-function
594 silly CHANGE node_modules/is-finalizationregistry
595 silly CHANGE node_modules/is-date-object
596 silly CHANGE node_modules/is-data-view
597 silly CHANGE node_modules/is-bigint
598 silly CHANGE node_modules/is-callable
599 silly CHANGE node_modules/is-boolean-object
600 silly CHANGE node_modules/is-async-function
601 silly CHANGE node_modules/is-array-buffer
602 silly CHANGE node_modules/internal-slot
603 silly CHANGE node_modules/http-signature
604 silly CHANGE node_modules/hasown
605 silly CHANGE node_modules/has-tostringtag
606 silly CHANGE node_modules/has-symbols
607 silly CHANGE node_modules/has-property-descriptors
608 silly CHANGE node_modules/has-proto
609 silly CHANGE node_modules/has-bigints
610 silly CHANGE node_modules/har-validator
611 silly CHANGE node_modules/globalthis
612 silly CHANGE node_modules/har-schema
613 silly CHANGE node_modules/gopd
614 silly CHANGE node_modules/getpass
615 silly CHANGE node_modules/get-symbol-description
616 silly CHANGE node_modules/extend
617 silly CHANGE node_modules/get-proto
618 silly CHANGE node_modules/function.prototype.name
619 silly CHANGE node_modules/get-intrinsic
620 silly CHANGE node_modules/functions-have-names
621 silly CHANGE node_modules/function-bind
622 silly CHANGE node_modules/form-data
623 silly CHANGE node_modules/forever-agent
624 silly CHANGE node_modules/for-each
625 silly CHANGE node_modules/file-type
626 silly CHANGE node_modules/fast-json-stable-stringify
627 silly CHANGE node_modules/fast-deep-equal
628 silly CHANGE node_modules/extsprintf
629 silly CHANGE node_modules/eventemitter3
630 silly CHANGE node_modules/es-to-primitive
631 silly CHANGE node_modules/es-shim-unscopables
632 silly CHANGE node_modules/es-set-tostringtag
633 silly CHANGE node_modules/es-object-atoms
634 silly CHANGE node_modules/es-abstract
635 silly CHANGE node_modules/es-errors
636 silly CHANGE node_modules/es-define-property
637 silly CHANGE node_modules/dunder-proto
638 silly CHANGE node_modules/ecc-jsbn
639 silly CHANGE node_modules/ecc-jsbn/node_modules/jsbn
640 silly CHANGE node_modules/delayed-stream
641 silly CHANGE node_modules/define-properties
642 silly CHANGE node_modules/define-data-property
643 silly CHANGE node_modules/data-view-byte-offset
644 silly CHANGE node_modules/data-view-byte-length
645 silly CHANGE node_modules/dashdash
646 silly CHANGE node_modules/data-view-buffer
647 silly CHANGE node_modules/core-util-is
648 silly CHANGE node_modules/combined-stream
649 silly CHANGE node_modules/caseless
650 silly CHANGE node_modules/call-bind-apply-helpers
651 silly CHANGE node_modules/call-bound
652 silly CHANGE node_modules/aws4
653 silly CHANGE node_modules/call-bind
654 silly CHANGE node_modules/bcrypt-pbkdf
655 silly CHANGE node_modules/bluebird
656 silly CHANGE node_modules/aws-sign2
657 silly CHANGE node_modules/asynckit
658 silly CHANGE node_modules/available-typed-arrays
659 silly CHANGE node_modules/async-function
660 silly CHANGE node_modules/asn1
661 silly CHANGE node_modules/arraybuffer.prototype.slice
662 silly CHANGE node_modules/array-buffer-byte-length
663 silly CHANGE node_modules/assert-plus
664 silly CHANGE node_modules/array.prototype.findindex
665 silly CHANGE node_modules/agent-base
666 silly CHANGE node_modules/ajv
667 verbose cwd /data
668 verbose os Linux 6.10.14-linuxkit
669 verbose node v20.18.2
670 verbose npm  v10.8.2
671 verbose exit 0
672 info ok
