0 verbose cli /usr/local/bin/node /usr/local/bin/npm
1 info using npm@10.8.2
2 info using node@v20.18.3
3 silly config load:file:/usr/local/lib/node_modules/npm/npmrc
4 silly config load:file:/data/.npmrc
5 silly config load:file:/usr/src/node-red/.npmrc
6 silly config load:file:/usr/local/etc/npmrc
7 verbose title npm install node-red-dashboard@3.6.5
8 verbose argv "install" "--no-audit" "--no-update-notifier" "--no-fund" "--save" "--save-prefix" "~" "--omit" "dev" "--engine-strict" "node-red-dashboard@3.6.5"
9 verbose logfile logs-max:10 dir:/data/.npm/_logs/2025-03-18T10_06_34_993Z-
10 verbose logfile /data/.npm/_logs/2025-03-18T10_06_34_993Z-debug-0.log
11 silly packumentCache heap:2197815296 maxSize:549453824 maxEntrySize:274726912
12 silly logfile done cleaning log files
13 silly idealTree buildDeps
14 silly fetch manifest node-red-dashboard@3.6.5
15 silly packumentCache full:https://registry.npmjs.org/node-red-dashboard cache-miss
16 http fetch GET 200 https://registry.npmjs.org/node-red-dashboard 1208ms (cache updated)
17 silly packumentCache full:https://registry.npmjs.org/node-red-dashboard set size:undefined disposed:false
18 silly placeDep ROOT node-red-dashboard@3.6.5 REPLACE for: node-red-project@0.0.1 want: 3.6.5
19 silly reify moves {}
20 silly tarball no local data for node-red-contrib-telegrambot@https://registry.npmjs.org/node-red-contrib-telegrambot/-/node-red-contrib-telegrambot-16.3.0.tgz. Extracting by manifest.
21 warn deprecated inflight@1.0.6: This module is not supported, and leaks memory. Do not use it. Check out lru-cache if you want a good and tested way to coalesce async requests by a key value, which is much more comprehensive and powerful.
22 warn deprecated har-validator@5.1.5: this library is no longer supported
23 warn deprecated glob@7.2.3: Glob versions prior to v9 are no longer supported
24 warn deprecated uuid@3.4.0: Please upgrade  to version 7 or higher.  Older versions may use Math.random() in certain circumstances, which is known to be problematic.  See https://v8.dev/blog/math-random for details.
25 warn deprecated request@2.88.2: request has been deprecated, see https://github.com/request/request/issues/3142
26 http fetch GET 200 https://registry.npmjs.org/node-red-contrib-telegrambot/-/node-red-contrib-telegrambot-16.3.0.tgz 23937ms (cache miss)
27 info run bufferutil@4.0.9 install node_modules/bufferutil node-gyp-build
28 info run utf-8-validate@5.0.10 install node_modules/utf-8-validate node-gyp-build
29 info run bufferutil@4.0.9 install { code: 0, signal: null }
30 info run utf-8-validate@5.0.10 install { code: 0, signal: null }
31 info run node-red-dashboard@3.6.5 postinstall node_modules/node-red-dashboard node fixgrid.js
32 info run node-red-dashboard@3.6.5 postinstall { code: 0, signal: null }
33 silly ADD node_modules/node-red-dashboard
34 silly ADD node_modules/yallist
35 silly ADD node_modules/xtend
36 silly ADD node_modules/ws
37 silly ADD node_modules/wrappy
38 silly ADD node_modules/which-typed-array
39 silly ADD node_modules/which-collection
40 silly ADD node_modules/which-builtin-type
41 silly ADD node_modules/which-boxed-primitive
42 silly ADD node_modules/verror
43 silly ADD node_modules/vary
44 silly ADD node_modules/uuid
45 silly ADD node_modules/util-deprecate
46 silly ADD node_modules/utf-8-validate
47 silly ADD node_modules/url-parse
48 silly ADD node_modules/uri-js
49 silly ADD node_modules/universalify
50 silly ADD node_modules/undici-types
51 silly ADD node_modules/unbox-primitive
52 silly ADD node_modules/typedarray
53 silly ADD node_modules/typed-array-length
54 silly ADD node_modules/typed-array-byte-offset
55 silly ADD node_modules/typed-array-byte-length
56 silly ADD node_modules/typed-array-buffer
57 silly ADD node_modules/tweetnacl
58 silly ADD node_modules/tunnel-agent
59 silly ADD node_modules/tough-cookie
60 silly ADD node_modules/toidentifier
61 silly ADD node_modules/tldts-core
62 silly ADD node_modules/tldts
63 silly ADD node_modules/string.prototype.trimstart
64 silly ADD node_modules/string.prototype.trimend
65 silly ADD node_modules/string.prototype.trim
66 silly ADD node_modules/string_decoder
67 silly ADD node_modules/stream-shift
68 silly ADD node_modules/stealthy-require
69 silly ADD node_modules/statuses
70 silly ADD node_modules/sshpk
71 silly ADD node_modules/sshpk/node_modules/jsbn
72 silly ADD node_modules/sprintf-js
73 silly ADD node_modules/split2
74 silly ADD node_modules/socks-proxy-agent
75 silly ADD node_modules/socks-proxy-agent/node_modules/ms
76 silly ADD node_modules/socks-proxy-agent/node_modules/debug
77 silly ADD node_modules/socks
78 silly ADD node_modules/socket.io-parser
79 silly ADD node_modules/socket.io-parser/node_modules/ms
80 silly ADD node_modules/socket.io-parser/node_modules/debug
81 silly ADD node_modules/socket.io-adapter
82 silly ADD node_modules/socket.io-adapter/node_modules/ms
83 silly ADD node_modules/socket.io-adapter/node_modules/debug
84 silly ADD node_modules/socket.io
85 silly ADD node_modules/socket.io/node_modules/ms
86 silly ADD node_modules/socket.io/node_modules/debug
87 silly ADD node_modules/smart-buffer
88 silly ADD node_modules/side-channel-weakmap
89 silly ADD node_modules/side-channel-map
90 silly ADD node_modules/side-channel-list
91 silly ADD node_modules/side-channel
92 silly ADD node_modules/setprototypeof
93 silly ADD node_modules/set-proto
94 silly ADD node_modules/set-function-name
95 silly ADD node_modules/set-function-length
96 silly ADD node_modules/serve-static
97 silly ADD node_modules/send
98 silly ADD node_modules/send/node_modules/ms
99 silly ADD node_modules/send/node_modules/encodeurl
100 silly ADD node_modules/safer-buffer
101 silly ADD node_modules/safe-regex-test
102 silly ADD node_modules/safe-push-apply
103 silly ADD node_modules/safe-buffer
104 silly ADD node_modules/safe-array-concat
105 silly ADD node_modules/rfdc
106 silly ADD node_modules/requires-port
107 silly ADD node_modules/request-promise-core
108 silly ADD node_modules/request
109 silly ADD node_modules/request/node_modules/uuid
110 silly ADD node_modules/request/node_modules/tough-cookie
111 silly ADD node_modules/request/node_modules/qs
112 silly ADD node_modules/request/node_modules/jsprim
113 silly ADD node_modules/request/node_modules/http-signature
114 silly ADD node_modules/request/node_modules/form-data
115 silly ADD node_modules/reinterval
116 silly ADD node_modules/regexp.prototype.flags
117 silly ADD node_modules/reflect.getprototypeof
118 silly ADD node_modules/readable-stream
119 silly ADD node_modules/range-parser
120 silly ADD node_modules/querystringify
121 silly ADD node_modules/qs
122 silly ADD node_modules/punycode
123 silly ADD node_modules/pump
124 silly ADD node_modules/psl
125 silly ADD node_modules/process-nextick-args
126 silly ADD node_modules/possible-typed-array-names
127 silly ADD node_modules/performance-now
128 silly ADD node_modules/path-is-absolute
129 silly ADD node_modules/parseurl
130 silly ADD node_modules/own-keys
131 silly ADD node_modules/once
132 silly ADD node_modules/on-headers
133 silly ADD node_modules/on-finished
134 silly ADD node_modules/object.assign
135 silly ADD node_modules/object-keys
136 silly ADD node_modules/object-inspect
137 silly ADD node_modules/object-assign
138 silly ADD node_modules/oauth-sign
139 silly ADD node_modules/number-allocator
140 silly ADD node_modules/number-allocator/node_modules/ms
141 silly ADD node_modules/number-allocator/node_modules/debug
142 silly ADD node_modules/node-telegram-bot-api
143 silly ADD node_modules/node-telegram-bot-api/node_modules/string_decoder
144 silly ADD node_modules/node-telegram-bot-api/node_modules/safe-buffer
145 silly ADD node_modules/node-telegram-bot-api/node_modules/readable-stream
146 silly ADD node_modules/node-telegram-bot-api/node_modules/pump
147 silly ADD node_modules/node-telegram-bot-api/node_modules/ms
148 silly ADD node_modules/node-telegram-bot-api/node_modules/isarray
149 silly ADD node_modules/node-telegram-bot-api/node_modules/debug
150 silly ADD node_modules/node-telegram-bot-api/node_modules/bl
151 silly ADD node_modules/node-red-contrib-telegrambot
152 silly ADD node_modules/node-red-contrib-mqtt-auto
153 silly ADD node_modules/node-gyp-build
154 silly ADD node_modules/negotiator
155 silly ADD node_modules/ms
156 silly ADD node_modules/mqtt-packet
157 silly ADD node_modules/mqtt-packet/node_modules/ms
158 silly ADD node_modules/mqtt-packet/node_modules/debug
159 silly ADD node_modules/mqtt
160 silly ADD node_modules/mqtt/node_modules/ws
161 silly ADD node_modules/mqtt/node_modules/ms
162 silly ADD node_modules/mqtt/node_modules/debug
163 silly ADD node_modules/minimist
164 silly ADD node_modules/minimatch
165 silly ADD node_modules/mime-types
166 silly ADD node_modules/mime-types/node_modules/mime-db
167 silly ADD node_modules/mime-db
168 silly ADD node_modules/mime
169 silly ADD node_modules/math-intrinsics
170 silly ADD node_modules/lru-cache
171 silly ADD node_modules/lodash
172 silly ADD node_modules/leven
173 silly ADD node_modules/jsprim
174 silly ADD node_modules/json-stringify-safe
175 silly ADD node_modules/json-schema-traverse
176 silly ADD node_modules/json-schema
177 silly ADD node_modules/jsbn
178 silly ADD node_modules/js-sdsl
179 silly ADD node_modules/jquery
180 silly ADD node_modules/isstream
181 silly ADD node_modules/isarray
182 silly ADD node_modules/is-weakset
183 silly ADD node_modules/is-weakref
184 silly ADD node_modules/is-weakmap
185 silly ADD node_modules/is-typedarray
186 silly ADD node_modules/is-typed-array
187 silly ADD node_modules/is-symbol
188 silly ADD node_modules/is-string
189 silly ADD node_modules/is-shared-array-buffer
190 silly ADD node_modules/is-set
191 silly ADD node_modules/is-regex
192 silly ADD node_modules/is-number-object
193 silly ADD node_modules/is-map
194 silly ADD node_modules/is-generator-function
195 silly ADD node_modules/is-finalizationregistry
196 silly ADD node_modules/is-date-object
197 silly ADD node_modules/is-data-view
198 silly ADD node_modules/is-callable
199 silly ADD node_modules/is-boolean-object
200 silly ADD node_modules/is-bigint
201 silly ADD node_modules/is-async-function
202 silly ADD node_modules/is-array-buffer
203 silly ADD node_modules/ip-address
204 silly ADD node_modules/internal-slot
205 silly ADD node_modules/inherits
206 silly ADD node_modules/inflight
207 silly ADD node_modules/ieee754
208 silly ADD node_modules/http-signature
209 silly ADD node_modules/http-errors
210 silly ADD node_modules/help-me
211 silly ADD node_modules/hasown
212 silly ADD node_modules/has-tostringtag
213 silly ADD node_modules/has-symbols
214 silly ADD node_modules/has-proto
215 silly ADD node_modules/has-property-descriptors
216 silly ADD node_modules/has-bigints
217 silly ADD node_modules/har-validator
218 silly ADD node_modules/har-schema
219 silly ADD node_modules/gridstack
220 silly ADD node_modules/gopd
221 silly ADD node_modules/globalthis
222 silly ADD node_modules/glob
223 silly ADD node_modules/getpass
224 silly ADD node_modules/get-symbol-description
225 silly ADD node_modules/get-proto
226 silly ADD node_modules/get-intrinsic
227 silly ADD node_modules/functions-have-names
228 silly ADD node_modules/function.prototype.name
229 silly ADD node_modules/function-bind
230 silly ADD node_modules/fs.realpath
231 silly ADD node_modules/fresh
232 silly ADD node_modules/form-data
233 silly ADD node_modules/forever-agent
234 silly ADD node_modules/for-each
235 silly ADD node_modules/file-type
236 silly ADD node_modules/fast-json-stable-stringify
237 silly ADD node_modules/fast-deep-equal
238 silly ADD node_modules/extsprintf
239 silly ADD node_modules/extend
240 silly ADD node_modules/eventemitter3
241 silly ADD node_modules/etag
242 silly ADD node_modules/escape-html
243 silly ADD node_modules/es-to-primitive
244 silly ADD node_modules/es-shim-unscopables
245 silly ADD node_modules/es-set-tostringtag
246 silly ADD node_modules/es-object-atoms
247 silly ADD node_modules/es-errors
248 silly ADD node_modules/es-define-property
249 silly ADD node_modules/es-abstract
250 silly ADD node_modules/engine.io-parser
251 silly ADD node_modules/engine.io
252 silly ADD node_modules/engine.io/node_modules/ms
253 silly ADD node_modules/engine.io/node_modules/debug
254 silly ADD node_modules/end-of-stream
255 silly ADD node_modules/encodeurl
256 silly ADD node_modules/ee-first
257 silly ADD node_modules/ecc-jsbn
258 silly ADD node_modules/ecc-jsbn/node_modules/jsbn
259 silly ADD node_modules/duplexify
260 silly ADD node_modules/dunder-proto
261 silly ADD node_modules/destroy
262 silly ADD node_modules/depd
263 silly ADD node_modules/delayed-stream
264 silly ADD node_modules/define-properties
265 silly ADD node_modules/define-data-property
266 silly ADD node_modules/debug
267 silly ADD node_modules/data-view-byte-offset
268 silly ADD node_modules/data-view-byte-length
269 silly ADD node_modules/data-view-buffer
270 silly ADD node_modules/dashdash
271 silly ADD node_modules/cors
272 silly ADD node_modules/core-util-is
273 silly ADD node_modules/cookie
274 silly ADD node_modules/concat-stream
275 silly ADD node_modules/concat-map
276 silly ADD node_modules/compression
277 silly ADD node_modules/compressible
278 silly ADD node_modules/commist
279 silly ADD node_modules/combined-stream
280 silly ADD node_modules/caseless
281 silly ADD node_modules/call-bound
282 silly ADD node_modules/call-bind-apply-helpers
283 silly ADD node_modules/call-bind
284 silly ADD node_modules/bytes
285 silly ADD node_modules/bufferutil
286 silly ADD node_modules/buffer-from
287 silly ADD node_modules/buffer
288 silly ADD node_modules/brace-expansion
289 silly ADD node_modules/bluebird
290 silly ADD node_modules/bl
291 silly ADD node_modules/bcrypt-pbkdf
292 silly ADD node_modules/base64id
293 silly ADD node_modules/base64-js
294 silly ADD node_modules/balanced-match
295 silly ADD node_modules/aws4
296 silly ADD node_modules/aws-sign2
297 silly ADD node_modules/available-typed-arrays
298 silly ADD node_modules/asynckit
299 silly ADD node_modules/async-function
300 silly ADD node_modules/assert-plus
301 silly ADD node_modules/asn1
302 silly ADD node_modules/arraybuffer.prototype.slice
303 silly ADD node_modules/array.prototype.findindex
304 silly ADD node_modules/array-buffer-byte-length
305 silly ADD node_modules/ajv
306 silly ADD node_modules/agent-base
307 silly ADD node_modules/accepts
308 silly ADD node_modules/accepts/node_modules/negotiator
309 silly ADD node_modules/@types/node
310 silly ADD node_modules/@types/cors
311 silly ADD node_modules/@socket.io/component-emitter
312 silly ADD node_modules/@cypress/request-promise
313 silly ADD node_modules/@cypress/request-promise/node_modules/tough-cookie
314 silly ADD node_modules/@cypress/request
315 verbose cwd /data
316 verbose os Linux 5.15.167.4-microsoft-standard-WSL2
317 verbose node v20.18.3
318 verbose npm  v10.8.2
319 verbose exit 0
320 info ok
