0 verbose cli /usr/local/bin/node /usr/local/bin/npm
1 info using npm@10.8.2
2 info using node@v20.18.2
3 silly config load:file:/usr/local/lib/node_modules/npm/npmrc
4 silly config load:file:/data/.npmrc
5 silly config load:file:/usr/src/node-red/.npmrc
6 silly config load:file:/usr/local/etc/npmrc
7 verbose title npm install node-red-contrib-telegrambot@16.2.0
8 verbose argv "install" "--no-audit" "--no-update-notifier" "--no-fund" "--save" "--save-prefix" "~" "--omit" "dev" "--engine-strict" "node-red-contrib-telegrambot@16.2.0"
9 verbose logfile logs-max:10 dir:/data/.npm/_logs/2025-02-10T08_57_26_496Z-
10 verbose logfile /data/.npm/_logs/2025-02-10T08_57_26_496Z-debug-0.log
11 silly packumentCache heap:2197815296 maxSize:549453824 maxEntrySize:274726912
12 silly logfile done cleaning log files
13 silly idealTree buildDeps
14 silly fetch manifest node-red-contrib-telegrambot@16.2.0
15 silly packumentCache full:https://registry.npmjs.org/node-red-contrib-telegrambot cache-miss
16 http fetch GET 200 https://registry.npmjs.org/node-red-contrib-telegrambot 1214ms (cache updated)
17 silly packumentCache full:https://registry.npmjs.org/node-red-contrib-telegrambot set size:undefined disposed:false
18 silly placeDep ROOT node-red-contrib-telegrambot@16.2.0 REPLACE for: node-red-project@0.0.1 want: 16.2.0
19 silly reify mark retired [ '/data/node_modules/node-red-contrib-telegrambot' ]
20 silly reify moves {
20 silly reify   '/data/node_modules/node-red-contrib-telegrambot': '/data/node_modules/.node-red-contrib-telegrambot-B71acOxW'
20 silly reify }
21 silly tarball no local data for node-red-contrib-telegrambot@https://registry.npmjs.org/node-red-contrib-telegrambot/-/node-red-contrib-telegrambot-16.2.0.tgz. Extracting by manifest.
22 http fetch GET 200 https://registry.npmjs.org/node-red-contrib-telegrambot/-/node-red-contrib-telegrambot-16.2.0.tgz 1086ms (cache miss)
23 silly CHANGE node_modules/node-red-contrib-telegrambot
24 verbose cwd /data
25 verbose os Linux 6.10.14-linuxkit
26 verbose node v20.18.2
27 verbose npm  v10.8.2
28 verbose exit 0
29 info ok
