0 verbose cli /usr/local/bin/node /usr/local/bin/npm
1 info using npm@10.8.2
2 info using node@v20.19.0
3 silly config load:file:/usr/local/lib/node_modules/npm/npmrc
4 silly config load:file:/data/.npmrc
5 silly config load:file:/usr/src/node-red/.npmrc
6 silly config load:file:/usr/local/etc/npmrc
7 verbose title npm install node-red-dashboard@3.6.5
8 verbose argv "install" "--no-audit" "--no-update-notifier" "--no-fund" "--save" "--save-prefix" "~" "--omit" "dev" "--engine-strict" "node-red-dashboard@3.6.5"
9 verbose logfile logs-max:10 dir:/data/.npm/_logs/2025-05-09T08_24_11_014Z-
10 verbose logfile /data/.npm/_logs/2025-05-09T08_24_11_014Z-debug-0.log
11 silly packumentCache heap:2197815296 maxSize:549453824 maxEntrySize:274726912
12 silly logfile start cleaning logs, removing 1 files
13 silly logfile done cleaning log files
14 silly idealTree buildDeps
15 silly fetch manifest node-red-dashboard@3.6.5
16 silly packumentCache full:https://registry.npmjs.org/node-red-dashboard cache-miss
17 http fetch GET 200 https://registry.npmjs.org/node-red-dashboard 191ms (cache updated)
18 silly packumentCache full:https://registry.npmjs.org/node-red-dashboard set size:undefined disposed:false
19 silly placeDep ROOT node-red-dashboard@3.6.5 REPLACE for: node-red-project@0.0.1 want: 3.6.5
20 silly reify moves {}
21 warn deprecated inflight@1.0.6: This module is not supported, and leaks memory. Do not use it. Check out lru-cache if you want a good and tested way to coalesce async requests by a key value, which is much more comprehensive and powerful.
22 warn deprecated har-validator@5.1.5: this library is no longer supported
23 warn deprecated glob@7.2.3: Glob versions prior to v9 are no longer supported
24 warn deprecated uuid@3.4.0: Please upgrade  to version 7 or higher.  Older versions may use Math.random() in certain circumstances, which is known to be problematic.  See https://v8.dev/blog/math-random for details.
25 warn deprecated request@2.88.2: request has been deprecated, see https://github.com/request/request/issues/3142
26 info run bufferutil@4.0.9 install node_modules/bufferutil node-gyp-build
27 info run utf-8-validate@5.0.10 install node_modules/utf-8-validate node-gyp-build
28 info run utf-8-validate@5.0.10 install { code: 0, signal: null }
29 info run bufferutil@4.0.9 install { code: 0, signal: null }
30 info run node-red-dashboard@3.6.5 postinstall node_modules/node-red-dashboard node fixgrid.js
31 info run node-red-dashboard@3.6.5 postinstall { code: 0, signal: null }
32 silly ADD node_modules/node-red-dashboard
33 silly ADD node_modules/yallist
34 silly ADD node_modules/xtend
35 silly ADD node_modules/ws
36 silly ADD node_modules/wrappy
37 silly ADD node_modules/which-typed-array
38 silly ADD node_modules/which-collection
39 silly ADD node_modules/which-builtin-type
40 silly ADD node_modules/which-boxed-primitive
41 silly ADD node_modules/verror
42 silly ADD node_modules/vary
43 silly ADD node_modules/uuid
44 silly ADD node_modules/util-deprecate
45 silly ADD node_modules/utf-8-validate
46 silly ADD node_modules/url-parse
47 silly ADD node_modules/uri-js
48 silly ADD node_modules/universalify
49 silly ADD node_modules/undici-types
50 silly ADD node_modules/unbox-primitive
51 silly ADD node_modules/typedarray
52 silly ADD node_modules/typed-array-length
53 silly ADD node_modules/typed-array-byte-offset
54 silly ADD node_modules/typed-array-byte-length
55 silly ADD node_modules/typed-array-buffer
56 silly ADD node_modules/tweetnacl
57 silly ADD node_modules/tunnel-agent
58 silly ADD node_modules/tough-cookie
59 silly ADD node_modules/toidentifier
60 silly ADD node_modules/tldts-core
61 silly ADD node_modules/tldts
62 silly ADD node_modules/string.prototype.trimstart
63 silly ADD node_modules/string.prototype.trimend
64 silly ADD node_modules/string.prototype.trim
65 silly ADD node_modules/string_decoder
66 silly ADD node_modules/stream-shift
67 silly ADD node_modules/stealthy-require
68 silly ADD node_modules/statuses
69 silly ADD node_modules/sshpk
70 silly ADD node_modules/sshpk/node_modules/jsbn
71 silly ADD node_modules/sprintf-js
72 silly ADD node_modules/split2
73 silly ADD node_modules/socks-proxy-agent
74 silly ADD node_modules/socks-proxy-agent/node_modules/ms
75 silly ADD node_modules/socks-proxy-agent/node_modules/debug
76 silly ADD node_modules/socks
77 silly ADD node_modules/socket.io-parser
78 silly ADD node_modules/socket.io-parser/node_modules/ms
79 silly ADD node_modules/socket.io-parser/node_modules/debug
80 silly ADD node_modules/socket.io-adapter
81 silly ADD node_modules/socket.io-adapter/node_modules/ms
82 silly ADD node_modules/socket.io-adapter/node_modules/debug
83 silly ADD node_modules/socket.io
84 silly ADD node_modules/socket.io/node_modules/ms
85 silly ADD node_modules/socket.io/node_modules/debug
86 silly ADD node_modules/smart-buffer
87 silly ADD node_modules/side-channel-weakmap
88 silly ADD node_modules/side-channel-map
89 silly ADD node_modules/side-channel-list
90 silly ADD node_modules/side-channel
91 silly ADD node_modules/setprototypeof
92 silly ADD node_modules/set-proto
93 silly ADD node_modules/set-function-name
94 silly ADD node_modules/set-function-length
95 silly ADD node_modules/serve-static
96 silly ADD node_modules/send
97 silly ADD node_modules/send/node_modules/ms
98 silly ADD node_modules/send/node_modules/encodeurl
99 silly ADD node_modules/safer-buffer
100 silly ADD node_modules/safe-regex-test
101 silly ADD node_modules/safe-push-apply
102 silly ADD node_modules/safe-buffer
103 silly ADD node_modules/safe-array-concat
104 silly ADD node_modules/rfdc
105 silly ADD node_modules/requires-port
106 silly ADD node_modules/request-promise-core
107 silly ADD node_modules/request
108 silly ADD node_modules/request/node_modules/uuid
109 silly ADD node_modules/request/node_modules/tough-cookie
110 silly ADD node_modules/request/node_modules/qs
111 silly ADD node_modules/request/node_modules/jsprim
112 silly ADD node_modules/request/node_modules/http-signature
113 silly ADD node_modules/request/node_modules/form-data
114 silly ADD node_modules/reinterval
115 silly ADD node_modules/regexp.prototype.flags
116 silly ADD node_modules/reflect.getprototypeof
117 silly ADD node_modules/readable-stream
118 silly ADD node_modules/range-parser
119 silly ADD node_modules/querystringify
120 silly ADD node_modules/qs
121 silly ADD node_modules/punycode
122 silly ADD node_modules/pump
123 silly ADD node_modules/psl
124 silly ADD node_modules/process-nextick-args
125 silly ADD node_modules/possible-typed-array-names
126 silly ADD node_modules/performance-now
127 silly ADD node_modules/path-is-absolute
128 silly ADD node_modules/parseurl
129 silly ADD node_modules/own-keys
130 silly ADD node_modules/once
131 silly ADD node_modules/on-headers
132 silly ADD node_modules/on-finished
133 silly ADD node_modules/object.assign
134 silly ADD node_modules/object-keys
135 silly ADD node_modules/object-inspect
136 silly ADD node_modules/object-assign
137 silly ADD node_modules/oauth-sign
138 silly ADD node_modules/number-allocator
139 silly ADD node_modules/number-allocator/node_modules/ms
140 silly ADD node_modules/number-allocator/node_modules/debug
141 silly ADD node_modules/node-telegram-bot-api
142 silly ADD node_modules/node-telegram-bot-api/node_modules/string_decoder
143 silly ADD node_modules/node-telegram-bot-api/node_modules/safe-buffer
144 silly ADD node_modules/node-telegram-bot-api/node_modules/readable-stream
145 silly ADD node_modules/node-telegram-bot-api/node_modules/pump
146 silly ADD node_modules/node-telegram-bot-api/node_modules/ms
147 silly ADD node_modules/node-telegram-bot-api/node_modules/isarray
148 silly ADD node_modules/node-telegram-bot-api/node_modules/debug
149 silly ADD node_modules/node-telegram-bot-api/node_modules/bl
150 silly ADD node_modules/node-red-contrib-telegrambot
151 silly ADD node_modules/node-red-contrib-mqtt-auto
152 silly ADD node_modules/node-gyp-build
153 silly ADD node_modules/negotiator
154 silly ADD node_modules/ms
155 silly ADD node_modules/mqtt-packet
156 silly ADD node_modules/mqtt-packet/node_modules/ms
157 silly ADD node_modules/mqtt-packet/node_modules/debug
158 silly ADD node_modules/mqtt
159 silly ADD node_modules/mqtt/node_modules/ws
160 silly ADD node_modules/mqtt/node_modules/ms
161 silly ADD node_modules/mqtt/node_modules/debug
162 silly ADD node_modules/minimist
163 silly ADD node_modules/minimatch
164 silly ADD node_modules/mime-types
165 silly ADD node_modules/mime-types/node_modules/mime-db
166 silly ADD node_modules/mime-db
167 silly ADD node_modules/mime
168 silly ADD node_modules/math-intrinsics
169 silly ADD node_modules/lru-cache
170 silly ADD node_modules/lodash
171 silly ADD node_modules/leven
172 silly ADD node_modules/jsprim
173 silly ADD node_modules/json-stringify-safe
174 silly ADD node_modules/json-schema-traverse
175 silly ADD node_modules/json-schema
176 silly ADD node_modules/jsbn
177 silly ADD node_modules/js-sdsl
178 silly ADD node_modules/jquery
179 silly ADD node_modules/isstream
180 silly ADD node_modules/isarray
181 silly ADD node_modules/is-weakset
182 silly ADD node_modules/is-weakref
183 silly ADD node_modules/is-weakmap
184 silly ADD node_modules/is-typedarray
185 silly ADD node_modules/is-typed-array
186 silly ADD node_modules/is-symbol
187 silly ADD node_modules/is-string
188 silly ADD node_modules/is-shared-array-buffer
189 silly ADD node_modules/is-set
190 silly ADD node_modules/is-regex
191 silly ADD node_modules/is-number-object
192 silly ADD node_modules/is-map
193 silly ADD node_modules/is-generator-function
194 silly ADD node_modules/is-finalizationregistry
195 silly ADD node_modules/is-date-object
196 silly ADD node_modules/is-data-view
197 silly ADD node_modules/is-callable
198 silly ADD node_modules/is-boolean-object
199 silly ADD node_modules/is-bigint
200 silly ADD node_modules/is-async-function
201 silly ADD node_modules/is-array-buffer
202 silly ADD node_modules/ip-address
203 silly ADD node_modules/internal-slot
204 silly ADD node_modules/inherits
205 silly ADD node_modules/inflight
206 silly ADD node_modules/ieee754
207 silly ADD node_modules/http-signature
208 silly ADD node_modules/http-errors
209 silly ADD node_modules/help-me
210 silly ADD node_modules/hasown
211 silly ADD node_modules/has-tostringtag
212 silly ADD node_modules/has-symbols
213 silly ADD node_modules/has-proto
214 silly ADD node_modules/has-property-descriptors
215 silly ADD node_modules/has-bigints
216 silly ADD node_modules/har-validator
217 silly ADD node_modules/har-schema
218 silly ADD node_modules/gridstack
219 silly ADD node_modules/gopd
220 silly ADD node_modules/globalthis
221 silly ADD node_modules/glob
222 silly ADD node_modules/getpass
223 silly ADD node_modules/get-symbol-description
224 silly ADD node_modules/get-proto
225 silly ADD node_modules/get-intrinsic
226 silly ADD node_modules/functions-have-names
227 silly ADD node_modules/function.prototype.name
228 silly ADD node_modules/function-bind
229 silly ADD node_modules/fs.realpath
230 silly ADD node_modules/fresh
231 silly ADD node_modules/form-data
232 silly ADD node_modules/forever-agent
233 silly ADD node_modules/for-each
234 silly ADD node_modules/file-type
235 silly ADD node_modules/fast-json-stable-stringify
236 silly ADD node_modules/fast-deep-equal
237 silly ADD node_modules/extsprintf
238 silly ADD node_modules/extend
239 silly ADD node_modules/eventemitter3
240 silly ADD node_modules/etag
241 silly ADD node_modules/escape-html
242 silly ADD node_modules/es-to-primitive
243 silly ADD node_modules/es-shim-unscopables
244 silly ADD node_modules/es-set-tostringtag
245 silly ADD node_modules/es-object-atoms
246 silly ADD node_modules/es-errors
247 silly ADD node_modules/es-define-property
248 silly ADD node_modules/es-abstract
249 silly ADD node_modules/engine.io-parser
250 silly ADD node_modules/engine.io
251 silly ADD node_modules/engine.io/node_modules/ms
252 silly ADD node_modules/engine.io/node_modules/debug
253 silly ADD node_modules/end-of-stream
254 silly ADD node_modules/encodeurl
255 silly ADD node_modules/ee-first
256 silly ADD node_modules/ecc-jsbn
257 silly ADD node_modules/ecc-jsbn/node_modules/jsbn
258 silly ADD node_modules/duplexify
259 silly ADD node_modules/dunder-proto
260 silly ADD node_modules/destroy
261 silly ADD node_modules/depd
262 silly ADD node_modules/delayed-stream
263 silly ADD node_modules/define-properties
264 silly ADD node_modules/define-data-property
265 silly ADD node_modules/debug
266 silly ADD node_modules/data-view-byte-offset
267 silly ADD node_modules/data-view-byte-length
268 silly ADD node_modules/data-view-buffer
269 silly ADD node_modules/dashdash
270 silly ADD node_modules/cors
271 silly ADD node_modules/core-util-is
272 silly ADD node_modules/cookie
273 silly ADD node_modules/concat-stream
274 silly ADD node_modules/concat-map
275 silly ADD node_modules/compression
276 silly ADD node_modules/compressible
277 silly ADD node_modules/commist
278 silly ADD node_modules/combined-stream
279 silly ADD node_modules/caseless
280 silly ADD node_modules/call-bound
281 silly ADD node_modules/call-bind-apply-helpers
282 silly ADD node_modules/call-bind
283 silly ADD node_modules/bytes
284 silly ADD node_modules/bufferutil
285 silly ADD node_modules/buffer-from
286 silly ADD node_modules/buffer
287 silly ADD node_modules/brace-expansion
288 silly ADD node_modules/bluebird
289 silly ADD node_modules/bl
290 silly ADD node_modules/bcrypt-pbkdf
291 silly ADD node_modules/base64id
292 silly ADD node_modules/base64-js
293 silly ADD node_modules/balanced-match
294 silly ADD node_modules/aws4
295 silly ADD node_modules/aws-sign2
296 silly ADD node_modules/available-typed-arrays
297 silly ADD node_modules/asynckit
298 silly ADD node_modules/async-function
299 silly ADD node_modules/assert-plus
300 silly ADD node_modules/asn1
301 silly ADD node_modules/arraybuffer.prototype.slice
302 silly ADD node_modules/array.prototype.findindex
303 silly ADD node_modules/array-buffer-byte-length
304 silly ADD node_modules/ajv
305 silly ADD node_modules/agent-base
306 silly ADD node_modules/accepts
307 silly ADD node_modules/accepts/node_modules/negotiator
308 silly ADD node_modules/@types/node
309 silly ADD node_modules/@types/cors
310 silly ADD node_modules/@socket.io/component-emitter
311 silly ADD node_modules/@cypress/request-promise
312 silly ADD node_modules/@cypress/request-promise/node_modules/tough-cookie
313 silly ADD node_modules/@cypress/request
314 verbose cwd /data
315 verbose os Linux 6.10.11-linuxkit
316 verbose node v20.19.0
317 verbose npm  v10.8.2
318 verbose exit 0
319 info ok
