0 verbose cli /usr/local/bin/node /usr/local/bin/npm
1 info using npm@10.8.2
2 info using node@v20.18.3
3 silly config load:file:/usr/local/lib/node_modules/npm/npmrc
4 silly config load:file:/data/.npmrc
5 silly config load:file:/usr/src/node-red/.npmrc
6 silly config load:file:/usr/local/etc/npmrc
7 verbose title npm install node-red-dashboard@3.6.5
8 verbose argv "install" "--no-audit" "--no-update-notifier" "--no-fund" "--save" "--save-prefix" "~" "--omit" "dev" "--engine-strict" "node-red-dashboard@3.6.5"
9 verbose logfile logs-max:10 dir:/data/.npm/_logs/2025-04-19T09_04_55_950Z-
10 verbose logfile /data/.npm/_logs/2025-04-19T09_04_55_950Z-debug-0.log
11 silly packumentCache heap:2197815296 maxSize:549453824 maxEntrySize:274726912
12 silly logfile done cleaning log files
13 silly idealTree buildDeps
14 silly fetch manifest node-red-dashboard@3.6.5
15 silly packumentCache full:https://registry.npmjs.org/node-red-dashboard cache-miss
16 http fetch GET 200 https://registry.npmjs.org/node-red-dashboard 1740ms (cache updated)
17 silly packumentCache full:https://registry.npmjs.org/node-red-dashboard set size:undefined disposed:false
18 silly placeDep ROOT node-red-dashboard@3.6.5 REPLACE for: node-red-project@0.0.1 want: 3.6.5
19 silly reify moves {}
20 warn deprecated inflight@1.0.6: This module is not supported, and leaks memory. Do not use it. Check out lru-cache if you want a good and tested way to coalesce async requests by a key value, which is much more comprehensive and powerful.
21 warn deprecated har-validator@5.1.5: this library is no longer supported
22 warn deprecated glob@7.2.3: Glob versions prior to v9 are no longer supported
23 warn deprecated uuid@3.4.0: Please upgrade  to version 7 or higher.  Older versions may use Math.random() in certain circumstances, which is known to be problematic.  See https://v8.dev/blog/math-random for details.
24 warn deprecated request@2.88.2: request has been deprecated, see https://github.com/request/request/issues/3142
25 info run bufferutil@4.0.9 install node_modules/bufferutil node-gyp-build
26 info run utf-8-validate@5.0.10 install node_modules/utf-8-validate node-gyp-build
27 info run bufferutil@4.0.9 install { code: 0, signal: null }
28 info run utf-8-validate@5.0.10 install { code: 0, signal: null }
29 info run node-red-dashboard@3.6.5 postinstall node_modules/node-red-dashboard node fixgrid.js
30 info run node-red-dashboard@3.6.5 postinstall { code: 0, signal: null }
31 silly ADD node_modules/node-red-dashboard
32 silly ADD node_modules/yallist
33 silly ADD node_modules/xtend
34 silly ADD node_modules/ws
35 silly ADD node_modules/wrappy
36 silly ADD node_modules/which-typed-array
37 silly ADD node_modules/which-collection
38 silly ADD node_modules/which-builtin-type
39 silly ADD node_modules/which-boxed-primitive
40 silly ADD node_modules/verror
41 silly ADD node_modules/vary
42 silly ADD node_modules/uuid
43 silly ADD node_modules/util-deprecate
44 silly ADD node_modules/utf-8-validate
45 silly ADD node_modules/url-parse
46 silly ADD node_modules/uri-js
47 silly ADD node_modules/universalify
48 silly ADD node_modules/undici-types
49 silly ADD node_modules/unbox-primitive
50 silly ADD node_modules/typedarray
51 silly ADD node_modules/typed-array-length
52 silly ADD node_modules/typed-array-byte-offset
53 silly ADD node_modules/typed-array-byte-length
54 silly ADD node_modules/typed-array-buffer
55 silly ADD node_modules/tweetnacl
56 silly ADD node_modules/tunnel-agent
57 silly ADD node_modules/tough-cookie
58 silly ADD node_modules/toidentifier
59 silly ADD node_modules/tldts-core
60 silly ADD node_modules/tldts
61 silly ADD node_modules/string.prototype.trimstart
62 silly ADD node_modules/string.prototype.trimend
63 silly ADD node_modules/string.prototype.trim
64 silly ADD node_modules/string_decoder
65 silly ADD node_modules/stream-shift
66 silly ADD node_modules/stealthy-require
67 silly ADD node_modules/statuses
68 silly ADD node_modules/sshpk
69 silly ADD node_modules/sshpk/node_modules/jsbn
70 silly ADD node_modules/sprintf-js
71 silly ADD node_modules/split2
72 silly ADD node_modules/socks-proxy-agent
73 silly ADD node_modules/socks-proxy-agent/node_modules/ms
74 silly ADD node_modules/socks-proxy-agent/node_modules/debug
75 silly ADD node_modules/socks
76 silly ADD node_modules/socket.io-parser
77 silly ADD node_modules/socket.io-parser/node_modules/ms
78 silly ADD node_modules/socket.io-parser/node_modules/debug
79 silly ADD node_modules/socket.io-adapter
80 silly ADD node_modules/socket.io-adapter/node_modules/ms
81 silly ADD node_modules/socket.io-adapter/node_modules/debug
82 silly ADD node_modules/socket.io
83 silly ADD node_modules/socket.io/node_modules/ms
84 silly ADD node_modules/socket.io/node_modules/debug
85 silly ADD node_modules/smart-buffer
86 silly ADD node_modules/side-channel-weakmap
87 silly ADD node_modules/side-channel-map
88 silly ADD node_modules/side-channel-list
89 silly ADD node_modules/side-channel
90 silly ADD node_modules/setprototypeof
91 silly ADD node_modules/set-proto
92 silly ADD node_modules/set-function-name
93 silly ADD node_modules/set-function-length
94 silly ADD node_modules/serve-static
95 silly ADD node_modules/send
96 silly ADD node_modules/send/node_modules/ms
97 silly ADD node_modules/send/node_modules/encodeurl
98 silly ADD node_modules/safer-buffer
99 silly ADD node_modules/safe-regex-test
100 silly ADD node_modules/safe-push-apply
101 silly ADD node_modules/safe-buffer
102 silly ADD node_modules/safe-array-concat
103 silly ADD node_modules/rfdc
104 silly ADD node_modules/requires-port
105 silly ADD node_modules/request-promise-core
106 silly ADD node_modules/request
107 silly ADD node_modules/request/node_modules/uuid
108 silly ADD node_modules/request/node_modules/tough-cookie
109 silly ADD node_modules/request/node_modules/qs
110 silly ADD node_modules/request/node_modules/jsprim
111 silly ADD node_modules/request/node_modules/http-signature
112 silly ADD node_modules/request/node_modules/form-data
113 silly ADD node_modules/reinterval
114 silly ADD node_modules/regexp.prototype.flags
115 silly ADD node_modules/reflect.getprototypeof
116 silly ADD node_modules/readable-stream
117 silly ADD node_modules/range-parser
118 silly ADD node_modules/querystringify
119 silly ADD node_modules/qs
120 silly ADD node_modules/punycode
121 silly ADD node_modules/pump
122 silly ADD node_modules/psl
123 silly ADD node_modules/process-nextick-args
124 silly ADD node_modules/possible-typed-array-names
125 silly ADD node_modules/performance-now
126 silly ADD node_modules/path-is-absolute
127 silly ADD node_modules/parseurl
128 silly ADD node_modules/own-keys
129 silly ADD node_modules/once
130 silly ADD node_modules/on-headers
131 silly ADD node_modules/on-finished
132 silly ADD node_modules/object.assign
133 silly ADD node_modules/object-keys
134 silly ADD node_modules/object-inspect
135 silly ADD node_modules/object-assign
136 silly ADD node_modules/oauth-sign
137 silly ADD node_modules/number-allocator
138 silly ADD node_modules/number-allocator/node_modules/ms
139 silly ADD node_modules/number-allocator/node_modules/debug
140 silly ADD node_modules/node-telegram-bot-api
141 silly ADD node_modules/node-telegram-bot-api/node_modules/string_decoder
142 silly ADD node_modules/node-telegram-bot-api/node_modules/safe-buffer
143 silly ADD node_modules/node-telegram-bot-api/node_modules/readable-stream
144 silly ADD node_modules/node-telegram-bot-api/node_modules/pump
145 silly ADD node_modules/node-telegram-bot-api/node_modules/ms
146 silly ADD node_modules/node-telegram-bot-api/node_modules/isarray
147 silly ADD node_modules/node-telegram-bot-api/node_modules/debug
148 silly ADD node_modules/node-telegram-bot-api/node_modules/bl
149 silly ADD node_modules/node-red-contrib-telegrambot
150 silly ADD node_modules/node-red-contrib-mqtt-auto
151 silly ADD node_modules/node-gyp-build
152 silly ADD node_modules/negotiator
153 silly ADD node_modules/ms
154 silly ADD node_modules/mqtt-packet
155 silly ADD node_modules/mqtt-packet/node_modules/ms
156 silly ADD node_modules/mqtt-packet/node_modules/debug
157 silly ADD node_modules/mqtt
158 silly ADD node_modules/mqtt/node_modules/ws
159 silly ADD node_modules/mqtt/node_modules/ms
160 silly ADD node_modules/mqtt/node_modules/debug
161 silly ADD node_modules/minimist
162 silly ADD node_modules/minimatch
163 silly ADD node_modules/mime-types
164 silly ADD node_modules/mime-types/node_modules/mime-db
165 silly ADD node_modules/mime-db
166 silly ADD node_modules/mime
167 silly ADD node_modules/math-intrinsics
168 silly ADD node_modules/lru-cache
169 silly ADD node_modules/lodash
170 silly ADD node_modules/leven
171 silly ADD node_modules/jsprim
172 silly ADD node_modules/json-stringify-safe
173 silly ADD node_modules/json-schema-traverse
174 silly ADD node_modules/json-schema
175 silly ADD node_modules/jsbn
176 silly ADD node_modules/js-sdsl
177 silly ADD node_modules/jquery
178 silly ADD node_modules/isstream
179 silly ADD node_modules/isarray
180 silly ADD node_modules/is-weakset
181 silly ADD node_modules/is-weakref
182 silly ADD node_modules/is-weakmap
183 silly ADD node_modules/is-typedarray
184 silly ADD node_modules/is-typed-array
185 silly ADD node_modules/is-symbol
186 silly ADD node_modules/is-string
187 silly ADD node_modules/is-shared-array-buffer
188 silly ADD node_modules/is-set
189 silly ADD node_modules/is-regex
190 silly ADD node_modules/is-number-object
191 silly ADD node_modules/is-map
192 silly ADD node_modules/is-generator-function
193 silly ADD node_modules/is-finalizationregistry
194 silly ADD node_modules/is-date-object
195 silly ADD node_modules/is-data-view
196 silly ADD node_modules/is-callable
197 silly ADD node_modules/is-boolean-object
198 silly ADD node_modules/is-bigint
199 silly ADD node_modules/is-async-function
200 silly ADD node_modules/is-array-buffer
201 silly ADD node_modules/ip-address
202 silly ADD node_modules/internal-slot
203 silly ADD node_modules/inherits
204 silly ADD node_modules/inflight
205 silly ADD node_modules/ieee754
206 silly ADD node_modules/http-signature
207 silly ADD node_modules/http-errors
208 silly ADD node_modules/help-me
209 silly ADD node_modules/hasown
210 silly ADD node_modules/has-tostringtag
211 silly ADD node_modules/has-symbols
212 silly ADD node_modules/has-proto
213 silly ADD node_modules/has-property-descriptors
214 silly ADD node_modules/has-bigints
215 silly ADD node_modules/har-validator
216 silly ADD node_modules/har-schema
217 silly ADD node_modules/gridstack
218 silly ADD node_modules/gopd
219 silly ADD node_modules/globalthis
220 silly ADD node_modules/glob
221 silly ADD node_modules/getpass
222 silly ADD node_modules/get-symbol-description
223 silly ADD node_modules/get-proto
224 silly ADD node_modules/get-intrinsic
225 silly ADD node_modules/functions-have-names
226 silly ADD node_modules/function.prototype.name
227 silly ADD node_modules/function-bind
228 silly ADD node_modules/fs.realpath
229 silly ADD node_modules/fresh
230 silly ADD node_modules/form-data
231 silly ADD node_modules/forever-agent
232 silly ADD node_modules/for-each
233 silly ADD node_modules/file-type
234 silly ADD node_modules/fast-json-stable-stringify
235 silly ADD node_modules/fast-deep-equal
236 silly ADD node_modules/extsprintf
237 silly ADD node_modules/extend
238 silly ADD node_modules/eventemitter3
239 silly ADD node_modules/etag
240 silly ADD node_modules/escape-html
241 silly ADD node_modules/es-to-primitive
242 silly ADD node_modules/es-shim-unscopables
243 silly ADD node_modules/es-set-tostringtag
244 silly ADD node_modules/es-object-atoms
245 silly ADD node_modules/es-errors
246 silly ADD node_modules/es-define-property
247 silly ADD node_modules/es-abstract
248 silly ADD node_modules/engine.io-parser
249 silly ADD node_modules/engine.io
250 silly ADD node_modules/engine.io/node_modules/ms
251 silly ADD node_modules/engine.io/node_modules/debug
252 silly ADD node_modules/end-of-stream
253 silly ADD node_modules/encodeurl
254 silly ADD node_modules/ee-first
255 silly ADD node_modules/ecc-jsbn
256 silly ADD node_modules/ecc-jsbn/node_modules/jsbn
257 silly ADD node_modules/duplexify
258 silly ADD node_modules/dunder-proto
259 silly ADD node_modules/destroy
260 silly ADD node_modules/depd
261 silly ADD node_modules/delayed-stream
262 silly ADD node_modules/define-properties
263 silly ADD node_modules/define-data-property
264 silly ADD node_modules/debug
265 silly ADD node_modules/data-view-byte-offset
266 silly ADD node_modules/data-view-byte-length
267 silly ADD node_modules/data-view-buffer
268 silly ADD node_modules/dashdash
269 silly ADD node_modules/cors
270 silly ADD node_modules/core-util-is
271 silly ADD node_modules/cookie
272 silly ADD node_modules/concat-stream
273 silly ADD node_modules/concat-map
274 silly ADD node_modules/compression
275 silly ADD node_modules/compressible
276 silly ADD node_modules/commist
277 silly ADD node_modules/combined-stream
278 silly ADD node_modules/caseless
279 silly ADD node_modules/call-bound
280 silly ADD node_modules/call-bind-apply-helpers
281 silly ADD node_modules/call-bind
282 silly ADD node_modules/bytes
283 silly ADD node_modules/bufferutil
284 silly ADD node_modules/buffer-from
285 silly ADD node_modules/buffer
286 silly ADD node_modules/brace-expansion
287 silly ADD node_modules/bluebird
288 silly ADD node_modules/bl
289 silly ADD node_modules/bcrypt-pbkdf
290 silly ADD node_modules/base64id
291 silly ADD node_modules/base64-js
292 silly ADD node_modules/balanced-match
293 silly ADD node_modules/aws4
294 silly ADD node_modules/aws-sign2
295 silly ADD node_modules/available-typed-arrays
296 silly ADD node_modules/asynckit
297 silly ADD node_modules/async-function
298 silly ADD node_modules/assert-plus
299 silly ADD node_modules/asn1
300 silly ADD node_modules/arraybuffer.prototype.slice
301 silly ADD node_modules/array.prototype.findindex
302 silly ADD node_modules/array-buffer-byte-length
303 silly ADD node_modules/ajv
304 silly ADD node_modules/agent-base
305 silly ADD node_modules/accepts
306 silly ADD node_modules/accepts/node_modules/negotiator
307 silly ADD node_modules/@types/node
308 silly ADD node_modules/@types/cors
309 silly ADD node_modules/@socket.io/component-emitter
310 silly ADD node_modules/@cypress/request-promise
311 silly ADD node_modules/@cypress/request-promise/node_modules/tough-cookie
312 silly ADD node_modules/@cypress/request
313 verbose cwd /data
314 verbose os Linux 5.15.167.4-microsoft-standard-WSL2
315 verbose node v20.18.3
316 verbose npm  v10.8.2
317 verbose exit 0
318 info ok
